{"/home/sheel/Documents/graphene-mono/backend/src/controllers/authController.js": {"path":"/home/sheel/Documents/graphene-mono/backend/src/controllers/authController.js","all":false,"statementMap":{"0":{"start":{"line":1,"column":0},"end":{"line":1,"column":37}},"1":{"start":{"line":2,"column":0},"end":{"line":2,"column":31}},"2":{"start":{"line":3,"column":0},"end":{"line":3,"column":0}},"3":{"start":{"line":4,"column":0},"end":{"line":4,"column":21}},"4":{"start":{"line":5,"column":0},"end":{"line":5,"column":35}},"5":{"start":{"line":6,"column":0},"end":{"line":6,"column":18}},"6":{"start":{"line":7,"column":0},"end":{"line":7,"column":15}},"7":{"start":{"line":8,"column":0},"end":{"line":8,"column":48}},"8":{"start":{"line":9,"column":0},"end":{"line":9,"column":23}},"9":{"start":{"line":10,"column":0},"end":{"line":10,"column":4}},"10":{"start":{"line":11,"column":0},"end":{"line":11,"column":2}},"11":{"start":{"line":12,"column":0},"end":{"line":12,"column":0}},"12":{"start":{"line":13,"column":0},"end":{"line":13,"column":48}},"13":{"start":{"line":14,"column":0},"end":{"line":14,"column":48}},"14":{"start":{"line":15,"column":0},"end":{"line":15,"column":22}},"15":{"start":{"line":16,"column":0},"end":{"line":16,"column":46}},"16":{"start":{"line":17,"column":0},"end":{"line":17,"column":46}},"17":{"start":{"line":18,"column":0},"end":{"line":18,"column":41}},"18":{"start":{"line":19,"column":0},"end":{"line":19,"column":65}},"19":{"start":{"line":20,"column":0},"end":{"line":20,"column":0}},"20":{"start":{"line":21,"column":0},"end":{"line":21,"column":36}},"21":{"start":{"line":22,"column":0},"end":{"line":22,"column":57}},"22":{"start":{"line":23,"column":0},"end":{"line":23,"column":3}},"23":{"start":{"line":24,"column":0},"end":{"line":24,"column":22}},"24":{"start":{"line":25,"column":0},"end":{"line":25,"column":65}},"25":{"start":{"line":26,"column":0},"end":{"line":26,"column":3}},"26":{"start":{"line":27,"column":0},"end":{"line":27,"column":22}},"27":{"start":{"line":28,"column":0},"end":{"line":28,"column":65}},"28":{"start":{"line":29,"column":0},"end":{"line":29,"column":3}},"29":{"start":{"line":30,"column":0},"end":{"line":30,"column":20}},"30":{"start":{"line":31,"column":0},"end":{"line":31,"column":55}},"31":{"start":{"line":32,"column":0},"end":{"line":32,"column":3}},"32":{"start":{"line":33,"column":0},"end":{"line":33,"column":24}},"33":{"start":{"line":34,"column":0},"end":{"line":34,"column":66}},"34":{"start":{"line":35,"column":0},"end":{"line":35,"column":3}},"35":{"start":{"line":36,"column":0},"end":{"line":36,"column":0}},"36":{"start":{"line":37,"column":0},"end":{"line":37,"column":32}},"37":{"start":{"line":38,"column":0},"end":{"line":38,"column":2}},"38":{"start":{"line":39,"column":0},"end":{"line":39,"column":0}},"39":{"start":{"line":40,"column":0},"end":{"line":40,"column":20}},"40":{"start":{"line":41,"column":0},"end":{"line":41,"column":45}},"41":{"start":{"line":42,"column":0},"end":{"line":42,"column":7}},"42":{"start":{"line":43,"column":0},"end":{"line":43,"column":11}},"43":{"start":{"line":44,"column":0},"end":{"line":44,"column":12}},"44":{"start":{"line":45,"column":0},"end":{"line":45,"column":15}},"45":{"start":{"line":46,"column":0},"end":{"line":46,"column":22}},"46":{"start":{"line":47,"column":0},"end":{"line":47,"column":16}},"47":{"start":{"line":48,"column":0},"end":{"line":48,"column":15}},"48":{"start":{"line":49,"column":0},"end":{"line":49,"column":12}},"49":{"start":{"line":50,"column":0},"end":{"line":50,"column":28}},"50":{"start":{"line":51,"column":0},"end":{"line":51,"column":17}},"51":{"start":{"line":52,"column":0},"end":{"line":52,"column":0}},"52":{"start":{"line":53,"column":0},"end":{"line":53,"column":23}},"53":{"start":{"line":54,"column":0},"end":{"line":54,"column":57}},"54":{"start":{"line":55,"column":0},"end":{"line":55,"column":35}},"55":{"start":{"line":56,"column":0},"end":{"line":56,"column":23}},"56":{"start":{"line":57,"column":0},"end":{"line":57,"column":72}},"57":{"start":{"line":58,"column":0},"end":{"line":58,"column":9}},"58":{"start":{"line":59,"column":0},"end":{"line":59,"column":5}},"59":{"start":{"line":60,"column":0},"end":{"line":60,"column":0}},"60":{"start":{"line":61,"column":0},"end":{"line":61,"column":39}},"61":{"start":{"line":62,"column":0},"end":{"line":62,"column":39}},"62":{"start":{"line":63,"column":0},"end":{"line":63,"column":35}},"63":{"start":{"line":64,"column":0},"end":{"line":64,"column":23}},"64":{"start":{"line":65,"column":0},"end":{"line":65,"column":39}},"65":{"start":{"line":66,"column":0},"end":{"line":66,"column":9}},"66":{"start":{"line":67,"column":0},"end":{"line":67,"column":5}},"67":{"start":{"line":68,"column":0},"end":{"line":68,"column":0}},"68":{"start":{"line":69,"column":0},"end":{"line":69,"column":35}},"69":{"start":{"line":70,"column":0},"end":{"line":70,"column":61}},"70":{"start":{"line":71,"column":0},"end":{"line":71,"column":24}},"71":{"start":{"line":72,"column":0},"end":{"line":72,"column":35}},"72":{"start":{"line":73,"column":0},"end":{"line":73,"column":23}},"73":{"start":{"line":74,"column":0},"end":{"line":74,"column":28}},"74":{"start":{"line":75,"column":0},"end":{"line":75,"column":9}},"75":{"start":{"line":76,"column":0},"end":{"line":76,"column":5}},"76":{"start":{"line":77,"column":0},"end":{"line":77,"column":0}},"77":{"start":{"line":78,"column":0},"end":{"line":78,"column":30}},"78":{"start":{"line":79,"column":0},"end":{"line":79,"column":52}},"79":{"start":{"line":80,"column":0},"end":{"line":80,"column":34}},"80":{"start":{"line":81,"column":0},"end":{"line":81,"column":35}},"81":{"start":{"line":82,"column":0},"end":{"line":82,"column":23}},"82":{"start":{"line":83,"column":0},"end":{"line":83,"column":51}},"83":{"start":{"line":84,"column":0},"end":{"line":84,"column":9}},"84":{"start":{"line":85,"column":0},"end":{"line":85,"column":5}},"85":{"start":{"line":86,"column":0},"end":{"line":86,"column":0}},"86":{"start":{"line":87,"column":0},"end":{"line":87,"column":35}},"87":{"start":{"line":88,"column":0},"end":{"line":88,"column":55}},"88":{"start":{"line":89,"column":0},"end":{"line":89,"column":23}},"89":{"start":{"line":90,"column":0},"end":{"line":90,"column":35}},"90":{"start":{"line":91,"column":0},"end":{"line":91,"column":23}},"91":{"start":{"line":92,"column":0},"end":{"line":92,"column":58}},"92":{"start":{"line":93,"column":0},"end":{"line":93,"column":9}},"93":{"start":{"line":94,"column":0},"end":{"line":94,"column":5}},"94":{"start":{"line":95,"column":0},"end":{"line":95,"column":0}},"95":{"start":{"line":96,"column":0},"end":{"line":96,"column":40}},"96":{"start":{"line":97,"column":0},"end":{"line":97,"column":16}},"97":{"start":{"line":98,"column":0},"end":{"line":98,"column":50}},"98":{"start":{"line":99,"column":0},"end":{"line":99,"column":36}},"99":{"start":{"line":100,"column":0},"end":{"line":100,"column":37}},"100":{"start":{"line":101,"column":0},"end":{"line":101,"column":25}},"101":{"start":{"line":102,"column":0},"end":{"line":102,"column":52}},"102":{"start":{"line":103,"column":0},"end":{"line":103,"column":11}},"103":{"start":{"line":104,"column":0},"end":{"line":104,"column":7}},"104":{"start":{"line":105,"column":0},"end":{"line":105,"column":5}},"105":{"start":{"line":106,"column":0},"end":{"line":106,"column":0}},"106":{"start":{"line":107,"column":0},"end":{"line":107,"column":22}},"107":{"start":{"line":108,"column":0},"end":{"line":108,"column":22}},"108":{"start":{"line":109,"column":0},"end":{"line":109,"column":40}},"109":{"start":{"line":110,"column":0},"end":{"line":110,"column":15}},"110":{"start":{"line":111,"column":0},"end":{"line":111,"column":34}},"111":{"start":{"line":112,"column":0},"end":{"line":112,"column":32}},"112":{"start":{"line":113,"column":0},"end":{"line":113,"column":45}},"113":{"start":{"line":114,"column":0},"end":{"line":114,"column":6}},"114":{"start":{"line":115,"column":0},"end":{"line":115,"column":0}},"115":{"start":{"line":116,"column":0},"end":{"line":116,"column":16}},"116":{"start":{"line":117,"column":0},"end":{"line":117,"column":36}},"117":{"start":{"line":118,"column":0},"end":{"line":118,"column":5}},"118":{"start":{"line":119,"column":0},"end":{"line":119,"column":0}},"119":{"start":{"line":120,"column":0},"end":{"line":120,"column":36}},"120":{"start":{"line":121,"column":0},"end":{"line":121,"column":22}},"121":{"start":{"line":122,"column":0},"end":{"line":122,"column":0}},"122":{"start":{"line":123,"column":0},"end":{"line":123,"column":45}},"123":{"start":{"line":124,"column":0},"end":{"line":124,"column":42}},"124":{"start":{"line":125,"column":0},"end":{"line":125,"column":0}},"125":{"start":{"line":126,"column":0},"end":{"line":126,"column":63}},"126":{"start":{"line":127,"column":0},"end":{"line":127,"column":73}},"127":{"start":{"line":128,"column":0},"end":{"line":128,"column":22}},"128":{"start":{"line":129,"column":0},"end":{"line":129,"column":72}},"129":{"start":{"line":130,"column":0},"end":{"line":130,"column":0}},"130":{"start":{"line":131,"column":0},"end":{"line":131,"column":55}},"131":{"start":{"line":132,"column":0},"end":{"line":132,"column":26}},"132":{"start":{"line":133,"column":0},"end":{"line":133,"column":20}},"133":{"start":{"line":134,"column":0},"end":{"line":134,"column":46}},"134":{"start":{"line":135,"column":0},"end":{"line":135,"column":13}},"135":{"start":{"line":136,"column":0},"end":{"line":136,"column":14}},"136":{"start":{"line":137,"column":0},"end":{"line":137,"column":28}},"137":{"start":{"line":138,"column":0},"end":{"line":138,"column":39}},"138":{"start":{"line":139,"column":0},"end":{"line":139,"column":7}},"139":{"start":{"line":140,"column":0},"end":{"line":140,"column":7}},"140":{"start":{"line":141,"column":0},"end":{"line":141,"column":0}},"141":{"start":{"line":142,"column":0},"end":{"line":142,"column":19}},"142":{"start":{"line":143,"column":0},"end":{"line":143,"column":48}},"143":{"start":{"line":144,"column":0},"end":{"line":144,"column":0}},"144":{"start":{"line":145,"column":0},"end":{"line":145,"column":41}},"145":{"start":{"line":146,"column":0},"end":{"line":146,"column":31}},"146":{"start":{"line":147,"column":0},"end":{"line":147,"column":35}},"147":{"start":{"line":148,"column":0},"end":{"line":148,"column":23}},"148":{"start":{"line":149,"column":0},"end":{"line":149,"column":58}},"149":{"start":{"line":150,"column":0},"end":{"line":150,"column":9}},"150":{"start":{"line":151,"column":0},"end":{"line":151,"column":5}},"151":{"start":{"line":152,"column":0},"end":{"line":152,"column":0}},"152":{"start":{"line":153,"column":0},"end":{"line":153,"column":31}},"153":{"start":{"line":154,"column":0},"end":{"line":154,"column":43}},"154":{"start":{"line":155,"column":0},"end":{"line":155,"column":83}},"155":{"start":{"line":156,"column":0},"end":{"line":156,"column":35}},"156":{"start":{"line":157,"column":0},"end":{"line":157,"column":23}},"157":{"start":{"line":158,"column":0},"end":{"line":158,"column":42}},"158":{"start":{"line":159,"column":0},"end":{"line":159,"column":9}},"159":{"start":{"line":160,"column":0},"end":{"line":160,"column":5}},"160":{"start":{"line":161,"column":0},"end":{"line":161,"column":0}},"161":{"start":{"line":162,"column":0},"end":{"line":162,"column":29}},"162":{"start":{"line":163,"column":0},"end":{"line":163,"column":26}},"163":{"start":{"line":164,"column":0},"end":{"line":164,"column":21}},"164":{"start":{"line":165,"column":0},"end":{"line":165,"column":56}},"165":{"start":{"line":166,"column":0},"end":{"line":166,"column":7}},"166":{"start":{"line":167,"column":0},"end":{"line":167,"column":3}},"167":{"start":{"line":168,"column":0},"end":{"line":168,"column":2}},"168":{"start":{"line":169,"column":0},"end":{"line":169,"column":0}},"169":{"start":{"line":170,"column":0},"end":{"line":170,"column":13}},"170":{"start":{"line":171,"column":0},"end":{"line":171,"column":42}},"171":{"start":{"line":172,"column":0},"end":{"line":172,"column":7}},"172":{"start":{"line":173,"column":0},"end":{"line":173,"column":41}},"173":{"start":{"line":174,"column":0},"end":{"line":174,"column":0}},"174":{"start":{"line":175,"column":0},"end":{"line":175,"column":23}},"175":{"start":{"line":176,"column":0},"end":{"line":176,"column":30}},"176":{"start":{"line":177,"column":0},"end":{"line":177,"column":35}},"177":{"start":{"line":178,"column":0},"end":{"line":178,"column":23}},"178":{"start":{"line":179,"column":0},"end":{"line":179,"column":48}},"179":{"start":{"line":180,"column":0},"end":{"line":180,"column":9}},"180":{"start":{"line":181,"column":0},"end":{"line":181,"column":5}},"181":{"start":{"line":182,"column":0},"end":{"line":182,"column":0}},"182":{"start":{"line":183,"column":0},"end":{"line":183,"column":25}},"183":{"start":{"line":184,"column":0},"end":{"line":184,"column":47}},"184":{"start":{"line":185,"column":0},"end":{"line":185,"column":16}},"185":{"start":{"line":186,"column":0},"end":{"line":186,"column":35}},"186":{"start":{"line":187,"column":0},"end":{"line":187,"column":23}},"187":{"start":{"line":188,"column":0},"end":{"line":188,"column":42}},"188":{"start":{"line":189,"column":0},"end":{"line":189,"column":9}},"189":{"start":{"line":190,"column":0},"end":{"line":190,"column":5}},"190":{"start":{"line":191,"column":0},"end":{"line":191,"column":0}},"191":{"start":{"line":192,"column":0},"end":{"line":192,"column":33}},"192":{"start":{"line":193,"column":0},"end":{"line":193,"column":25}},"193":{"start":{"line":194,"column":0},"end":{"line":194,"column":35}},"194":{"start":{"line":195,"column":0},"end":{"line":195,"column":23}},"195":{"start":{"line":196,"column":0},"end":{"line":196,"column":45}},"196":{"start":{"line":197,"column":0},"end":{"line":197,"column":9}},"197":{"start":{"line":198,"column":0},"end":{"line":198,"column":5}},"198":{"start":{"line":199,"column":0},"end":{"line":199,"column":0}},"199":{"start":{"line":200,"column":0},"end":{"line":200,"column":42}},"200":{"start":{"line":201,"column":0},"end":{"line":201,"column":44}},"201":{"start":{"line":202,"column":0},"end":{"line":202,"column":35}},"202":{"start":{"line":203,"column":0},"end":{"line":203,"column":23}},"203":{"start":{"line":204,"column":0},"end":{"line":204,"column":82}},"204":{"start":{"line":205,"column":0},"end":{"line":205,"column":9}},"205":{"start":{"line":206,"column":0},"end":{"line":206,"column":5}},"206":{"start":{"line":207,"column":0},"end":{"line":207,"column":0}},"207":{"start":{"line":208,"column":0},"end":{"line":208,"column":22}},"208":{"start":{"line":209,"column":0},"end":{"line":209,"column":65}},"209":{"start":{"line":210,"column":0},"end":{"line":210,"column":27}},"210":{"start":{"line":211,"column":0},"end":{"line":211,"column":35}},"211":{"start":{"line":212,"column":0},"end":{"line":212,"column":23}},"212":{"start":{"line":213,"column":0},"end":{"line":213,"column":42}},"213":{"start":{"line":214,"column":0},"end":{"line":214,"column":9}},"214":{"start":{"line":215,"column":0},"end":{"line":215,"column":5}},"215":{"start":{"line":216,"column":0},"end":{"line":216,"column":0}},"216":{"start":{"line":217,"column":0},"end":{"line":217,"column":34}},"217":{"start":{"line":218,"column":0},"end":{"line":218,"column":34}},"218":{"start":{"line":219,"column":0},"end":{"line":219,"column":22}},"219":{"start":{"line":220,"column":0},"end":{"line":220,"column":0}},"220":{"start":{"line":221,"column":0},"end":{"line":221,"column":25}},"221":{"start":{"line":222,"column":0},"end":{"line":222,"column":42}},"222":{"start":{"line":223,"column":0},"end":{"line":223,"column":0}},"223":{"start":{"line":224,"column":0},"end":{"line":224,"column":30}},"224":{"start":{"line":225,"column":0},"end":{"line":225,"column":14}},"225":{"start":{"line":226,"column":0},"end":{"line":226,"column":20}},"226":{"start":{"line":227,"column":0},"end":{"line":227,"column":34}},"227":{"start":{"line":228,"column":0},"end":{"line":228,"column":13}},"228":{"start":{"line":229,"column":0},"end":{"line":229,"column":14}},"229":{"start":{"line":230,"column":0},"end":{"line":230,"column":27}},"230":{"start":{"line":231,"column":0},"end":{"line":231,"column":7}},"231":{"start":{"line":232,"column":0},"end":{"line":232,"column":7}},"232":{"start":{"line":233,"column":0},"end":{"line":233,"column":0}},"233":{"start":{"line":234,"column":0},"end":{"line":234,"column":19}},"234":{"start":{"line":235,"column":0},"end":{"line":235,"column":41}},"235":{"start":{"line":236,"column":0},"end":{"line":236,"column":26}},"236":{"start":{"line":237,"column":0},"end":{"line":237,"column":21}},"237":{"start":{"line":238,"column":0},"end":{"line":238,"column":49}},"238":{"start":{"line":239,"column":0},"end":{"line":239,"column":7}},"239":{"start":{"line":240,"column":0},"end":{"line":240,"column":3}},"240":{"start":{"line":241,"column":0},"end":{"line":241,"column":2}},"241":{"start":{"line":242,"column":0},"end":{"line":242,"column":0}},"242":{"start":{"line":243,"column":0},"end":{"line":243,"column":27}},"243":{"start":{"line":244,"column":0},"end":{"line":244,"column":47}},"244":{"start":{"line":245,"column":0},"end":{"line":245,"column":7}},"245":{"start":{"line":246,"column":0},"end":{"line":246,"column":62}},"246":{"start":{"line":247,"column":0},"end":{"line":247,"column":0}},"247":{"start":{"line":248,"column":0},"end":{"line":248,"column":16}},"248":{"start":{"line":249,"column":0},"end":{"line":249,"column":35}},"249":{"start":{"line":250,"column":0},"end":{"line":250,"column":23}},"250":{"start":{"line":251,"column":0},"end":{"line":251,"column":31}},"251":{"start":{"line":252,"column":0},"end":{"line":252,"column":9}},"252":{"start":{"line":253,"column":0},"end":{"line":253,"column":5}},"253":{"start":{"line":254,"column":0},"end":{"line":254,"column":0}},"254":{"start":{"line":255,"column":0},"end":{"line":255,"column":14}},"255":{"start":{"line":256,"column":0},"end":{"line":256,"column":20}},"256":{"start":{"line":257,"column":0},"end":{"line":257,"column":13}},"257":{"start":{"line":258,"column":0},"end":{"line":258,"column":48}},"258":{"start":{"line":259,"column":0},"end":{"line":259,"column":7}},"259":{"start":{"line":260,"column":0},"end":{"line":260,"column":7}},"260":{"start":{"line":261,"column":0},"end":{"line":261,"column":19}},"261":{"start":{"line":262,"column":0},"end":{"line":262,"column":47}},"262":{"start":{"line":263,"column":0},"end":{"line":263,"column":26}},"263":{"start":{"line":264,"column":0},"end":{"line":264,"column":21}},"264":{"start":{"line":265,"column":0},"end":{"line":265,"column":59}},"265":{"start":{"line":266,"column":0},"end":{"line":266,"column":7}},"266":{"start":{"line":267,"column":0},"end":{"line":267,"column":3}},"267":{"start":{"line":268,"column":0},"end":{"line":268,"column":2}},"268":{"start":{"line":269,"column":0},"end":{"line":269,"column":0}},"269":{"start":{"line":270,"column":0},"end":{"line":270,"column":22}},"270":{"start":{"line":271,"column":0},"end":{"line":271,"column":50}},"271":{"start":{"line":272,"column":0},"end":{"line":272,"column":7}},"272":{"start":{"line":273,"column":0},"end":{"line":273,"column":62}},"273":{"start":{"line":274,"column":0},"end":{"line":274,"column":11}},"274":{"start":{"line":275,"column":0},"end":{"line":275,"column":16}},"275":{"start":{"line":276,"column":0},"end":{"line":276,"column":15}},"276":{"start":{"line":277,"column":0},"end":{"line":277,"column":12}},"277":{"start":{"line":278,"column":0},"end":{"line":278,"column":20}},"278":{"start":{"line":279,"column":0},"end":{"line":279,"column":17}},"279":{"start":{"line":280,"column":0},"end":{"line":280,"column":0}},"280":{"start":{"line":281,"column":0},"end":{"line":281,"column":16}},"281":{"start":{"line":282,"column":0},"end":{"line":282,"column":35}},"282":{"start":{"line":283,"column":0},"end":{"line":283,"column":23}},"283":{"start":{"line":284,"column":0},"end":{"line":284,"column":31}},"284":{"start":{"line":285,"column":0},"end":{"line":285,"column":9}},"285":{"start":{"line":286,"column":0},"end":{"line":286,"column":5}},"286":{"start":{"line":287,"column":0},"end":{"line":287,"column":0}},"287":{"start":{"line":288,"column":0},"end":{"line":288,"column":28}},"288":{"start":{"line":289,"column":0},"end":{"line":289,"column":67}},"289":{"start":{"line":290,"column":0},"end":{"line":290,"column":64}},"290":{"start":{"line":291,"column":0},"end":{"line":291,"column":30}},"291":{"start":{"line":292,"column":0},"end":{"line":292,"column":18}},"292":{"start":{"line":293,"column":0},"end":{"line":293,"column":52}},"293":{"start":{"line":294,"column":0},"end":{"line":294,"column":38}},"294":{"start":{"line":295,"column":0},"end":{"line":295,"column":39}},"295":{"start":{"line":296,"column":0},"end":{"line":296,"column":27}},"296":{"start":{"line":297,"column":0},"end":{"line":297,"column":54}},"297":{"start":{"line":298,"column":0},"end":{"line":298,"column":13}},"298":{"start":{"line":299,"column":0},"end":{"line":299,"column":9}},"299":{"start":{"line":300,"column":0},"end":{"line":300,"column":34}},"300":{"start":{"line":301,"column":0},"end":{"line":301,"column":14}},"301":{"start":{"line":302,"column":0},"end":{"line":302,"column":31}},"302":{"start":{"line":303,"column":0},"end":{"line":303,"column":7}},"303":{"start":{"line":304,"column":0},"end":{"line":304,"column":5}},"304":{"start":{"line":305,"column":0},"end":{"line":305,"column":84}},"305":{"start":{"line":306,"column":0},"end":{"line":306,"column":0}},"306":{"start":{"line":307,"column":0},"end":{"line":307,"column":20}},"307":{"start":{"line":308,"column":0},"end":{"line":308,"column":24}},"308":{"start":{"line":309,"column":0},"end":{"line":309,"column":5}},"309":{"start":{"line":310,"column":0},"end":{"line":310,"column":0}},"310":{"start":{"line":311,"column":0},"end":{"line":311,"column":14}},"311":{"start":{"line":312,"column":0},"end":{"line":312,"column":20}},"312":{"start":{"line":313,"column":0},"end":{"line":313,"column":46}},"313":{"start":{"line":314,"column":0},"end":{"line":314,"column":13}},"314":{"start":{"line":315,"column":0},"end":{"line":315,"column":48}},"315":{"start":{"line":316,"column":0},"end":{"line":316,"column":7}},"316":{"start":{"line":317,"column":0},"end":{"line":317,"column":7}},"317":{"start":{"line":318,"column":0},"end":{"line":318,"column":0}},"318":{"start":{"line":319,"column":0},"end":{"line":319,"column":19}},"319":{"start":{"line":320,"column":0},"end":{"line":320,"column":50}},"320":{"start":{"line":321,"column":0},"end":{"line":321,"column":0}},"321":{"start":{"line":322,"column":0},"end":{"line":322,"column":31}},"322":{"start":{"line":323,"column":0},"end":{"line":323,"column":43}},"323":{"start":{"line":324,"column":0},"end":{"line":324,"column":83}},"324":{"start":{"line":325,"column":0},"end":{"line":325,"column":35}},"325":{"start":{"line":326,"column":0},"end":{"line":326,"column":23}},"326":{"start":{"line":327,"column":0},"end":{"line":327,"column":42}},"327":{"start":{"line":328,"column":0},"end":{"line":328,"column":9}},"328":{"start":{"line":329,"column":0},"end":{"line":329,"column":5}},"329":{"start":{"line":330,"column":0},"end":{"line":330,"column":0}},"330":{"start":{"line":331,"column":0},"end":{"line":331,"column":26}},"331":{"start":{"line":332,"column":0},"end":{"line":332,"column":21}},"332":{"start":{"line":333,"column":0},"end":{"line":333,"column":59}},"333":{"start":{"line":334,"column":0},"end":{"line":334,"column":7}},"334":{"start":{"line":335,"column":0},"end":{"line":335,"column":3}},"335":{"start":{"line":336,"column":0},"end":{"line":336,"column":2}},"336":{"start":{"line":337,"column":0},"end":{"line":337,"column":0}},"337":{"start":{"line":338,"column":0},"end":{"line":338,"column":68}},"338":{"start":{"line":339,"column":0},"end":{"line":339,"column":33}},"339":{"start":{"line":340,"column":0},"end":{"line":340,"column":0}},"340":{"start":{"line":341,"column":0},"end":{"line":341,"column":14}},"341":{"start":{"line":342,"column":0},"end":{"line":342,"column":43}},"342":{"start":{"line":343,"column":0},"end":{"line":343,"column":7}},"343":{"start":{"line":344,"column":0},"end":{"line":344,"column":64}},"344":{"start":{"line":345,"column":0},"end":{"line":345,"column":62}},"345":{"start":{"line":346,"column":0},"end":{"line":346,"column":0}},"346":{"start":{"line":347,"column":0},"end":{"line":347,"column":29}},"347":{"start":{"line":348,"column":0},"end":{"line":348,"column":30}},"348":{"start":{"line":349,"column":0},"end":{"line":349,"column":0}},"349":{"start":{"line":350,"column":0},"end":{"line":350,"column":27}},"350":{"start":{"line":351,"column":0},"end":{"line":351,"column":80}},"351":{"start":{"line":352,"column":0},"end":{"line":352,"column":0}},"352":{"start":{"line":353,"column":0},"end":{"line":353,"column":14}},"353":{"start":{"line":354,"column":0},"end":{"line":354,"column":20}},"354":{"start":{"line":355,"column":0},"end":{"line":355,"column":34}},"355":{"start":{"line":356,"column":0},"end":{"line":356,"column":7}},"356":{"start":{"line":357,"column":0},"end":{"line":357,"column":0}},"357":{"start":{"line":358,"column":0},"end":{"line":358,"column":19}},"358":{"start":{"line":359,"column":0},"end":{"line":359,"column":42}},"359":{"start":{"line":360,"column":0},"end":{"line":360,"column":26}},"360":{"start":{"line":361,"column":0},"end":{"line":361,"column":21}},"361":{"start":{"line":362,"column":0},"end":{"line":362,"column":50}},"362":{"start":{"line":363,"column":0},"end":{"line":363,"column":7}},"363":{"start":{"line":364,"column":0},"end":{"line":364,"column":3}},"364":{"start":{"line":365,"column":0},"end":{"line":365,"column":2}},"365":{"start":{"line":366,"column":0},"end":{"line":366,"column":0}},"366":{"start":{"line":367,"column":0},"end":{"line":367,"column":32}},"367":{"start":{"line":368,"column":0},"end":{"line":368,"column":46}},"368":{"start":{"line":369,"column":0},"end":{"line":369,"column":35}},"369":{"start":{"line":370,"column":0},"end":{"line":370,"column":2}},"370":{"start":{"line":371,"column":0},"end":{"line":371,"column":0}},"371":{"start":{"line":372,"column":0},"end":{"line":372,"column":18}},"372":{"start":{"line":373,"column":0},"end":{"line":373,"column":51}},"373":{"start":{"line":374,"column":0},"end":{"line":374,"column":7}},"374":{"start":{"line":375,"column":0},"end":{"line":375,"column":62}},"375":{"start":{"line":376,"column":0},"end":{"line":376,"column":64}},"376":{"start":{"line":377,"column":0},"end":{"line":377,"column":11}},"377":{"start":{"line":378,"column":0},"end":{"line":378,"column":22}},"378":{"start":{"line":379,"column":0},"end":{"line":379,"column":18}},"379":{"start":{"line":380,"column":0},"end":{"line":380,"column":24}},"380":{"start":{"line":381,"column":0},"end":{"line":381,"column":17}},"381":{"start":{"line":382,"column":0},"end":{"line":382,"column":0}},"382":{"start":{"line":383,"column":0},"end":{"line":383,"column":23}},"383":{"start":{"line":384,"column":0},"end":{"line":384,"column":66}},"384":{"start":{"line":385,"column":0},"end":{"line":385,"column":35}},"385":{"start":{"line":386,"column":0},"end":{"line":386,"column":23}},"386":{"start":{"line":387,"column":0},"end":{"line":387,"column":78}},"387":{"start":{"line":388,"column":0},"end":{"line":388,"column":9}},"388":{"start":{"line":389,"column":0},"end":{"line":389,"column":5}},"389":{"start":{"line":390,"column":0},"end":{"line":390,"column":0}},"390":{"start":{"line":391,"column":0},"end":{"line":391,"column":35}},"391":{"start":{"line":392,"column":0},"end":{"line":392,"column":45}},"392":{"start":{"line":393,"column":0},"end":{"line":393,"column":35}},"393":{"start":{"line":394,"column":0},"end":{"line":394,"column":23}},"394":{"start":{"line":395,"column":0},"end":{"line":395,"column":43}},"395":{"start":{"line":396,"column":0},"end":{"line":396,"column":9}},"396":{"start":{"line":397,"column":0},"end":{"line":397,"column":5}},"397":{"start":{"line":398,"column":0},"end":{"line":398,"column":0}},"398":{"start":{"line":399,"column":0},"end":{"line":399,"column":30}},"399":{"start":{"line":400,"column":0},"end":{"line":400,"column":79}},"400":{"start":{"line":401,"column":0},"end":{"line":401,"column":34}},"401":{"start":{"line":402,"column":0},"end":{"line":402,"column":35}},"402":{"start":{"line":403,"column":0},"end":{"line":403,"column":23}},"403":{"start":{"line":404,"column":0},"end":{"line":404,"column":46}},"404":{"start":{"line":405,"column":0},"end":{"line":405,"column":9}},"405":{"start":{"line":406,"column":0},"end":{"line":406,"column":5}},"406":{"start":{"line":407,"column":0},"end":{"line":407,"column":0}},"407":{"start":{"line":408,"column":0},"end":{"line":408,"column":63}},"408":{"start":{"line":409,"column":0},"end":{"line":409,"column":67}},"409":{"start":{"line":410,"column":0},"end":{"line":410,"column":25}},"410":{"start":{"line":411,"column":0},"end":{"line":411,"column":35}},"411":{"start":{"line":412,"column":0},"end":{"line":412,"column":23}},"412":{"start":{"line":413,"column":0},"end":{"line":413,"column":69}},"413":{"start":{"line":414,"column":0},"end":{"line":414,"column":9}},"414":{"start":{"line":415,"column":0},"end":{"line":415,"column":5}},"415":{"start":{"line":416,"column":0},"end":{"line":416,"column":0}},"416":{"start":{"line":417,"column":0},"end":{"line":417,"column":37}},"417":{"start":{"line":418,"column":0},"end":{"line":418,"column":64}},"418":{"start":{"line":419,"column":0},"end":{"line":419,"column":24}},"419":{"start":{"line":420,"column":0},"end":{"line":420,"column":35}},"420":{"start":{"line":421,"column":0},"end":{"line":421,"column":23}},"421":{"start":{"line":422,"column":0},"end":{"line":422,"column":28}},"422":{"start":{"line":423,"column":0},"end":{"line":423,"column":9}},"423":{"start":{"line":424,"column":0},"end":{"line":424,"column":5}},"424":{"start":{"line":425,"column":0},"end":{"line":425,"column":0}},"425":{"start":{"line":426,"column":0},"end":{"line":426,"column":22}},"426":{"start":{"line":427,"column":0},"end":{"line":427,"column":32}},"427":{"start":{"line":428,"column":0},"end":{"line":428,"column":22}},"428":{"start":{"line":429,"column":0},"end":{"line":429,"column":0}},"429":{"start":{"line":430,"column":0},"end":{"line":430,"column":58}},"430":{"start":{"line":431,"column":0},"end":{"line":431,"column":30}},"431":{"start":{"line":432,"column":0},"end":{"line":432,"column":0}},"432":{"start":{"line":433,"column":0},"end":{"line":433,"column":36}},"433":{"start":{"line":434,"column":0},"end":{"line":434,"column":90}},"434":{"start":{"line":435,"column":0},"end":{"line":435,"column":0}},"435":{"start":{"line":436,"column":0},"end":{"line":436,"column":52}},"436":{"start":{"line":437,"column":0},"end":{"line":437,"column":56}},"437":{"start":{"line":438,"column":0},"end":{"line":438,"column":0}},"438":{"start":{"line":439,"column":0},"end":{"line":439,"column":14}},"439":{"start":{"line":440,"column":0},"end":{"line":440,"column":20}},"440":{"start":{"line":441,"column":0},"end":{"line":441,"column":46}},"441":{"start":{"line":442,"column":0},"end":{"line":442,"column":7}},"442":{"start":{"line":443,"column":0},"end":{"line":443,"column":0}},"443":{"start":{"line":444,"column":0},"end":{"line":444,"column":19}},"444":{"start":{"line":445,"column":0},"end":{"line":445,"column":51}},"445":{"start":{"line":446,"column":0},"end":{"line":446,"column":0}},"446":{"start":{"line":447,"column":0},"end":{"line":447,"column":31}},"447":{"start":{"line":448,"column":0},"end":{"line":448,"column":43}},"448":{"start":{"line":449,"column":0},"end":{"line":449,"column":83}},"449":{"start":{"line":450,"column":0},"end":{"line":450,"column":35}},"450":{"start":{"line":451,"column":0},"end":{"line":451,"column":23}},"451":{"start":{"line":452,"column":0},"end":{"line":452,"column":42}},"452":{"start":{"line":453,"column":0},"end":{"line":453,"column":9}},"453":{"start":{"line":454,"column":0},"end":{"line":454,"column":5}},"454":{"start":{"line":455,"column":0},"end":{"line":455,"column":0}},"455":{"start":{"line":456,"column":0},"end":{"line":456,"column":26}},"456":{"start":{"line":457,"column":0},"end":{"line":457,"column":21}},"457":{"start":{"line":458,"column":0},"end":{"line":458,"column":60}},"458":{"start":{"line":459,"column":0},"end":{"line":459,"column":7}},"459":{"start":{"line":460,"column":0},"end":{"line":460,"column":3}},"460":{"start":{"line":461,"column":0},"end":{"line":461,"column":2}},"461":{"start":{"line":462,"column":0},"end":{"line":462,"column":0}},"462":{"start":{"line":463,"column":0},"end":{"line":463,"column":37}},"463":{"start":{"line":464,"column":0},"end":{"line":464,"column":51}},"464":{"start":{"line":465,"column":0},"end":{"line":465,"column":7}},"465":{"start":{"line":466,"column":0},"end":{"line":466,"column":31}},"466":{"start":{"line":467,"column":0},"end":{"line":467,"column":0}},"467":{"start":{"line":468,"column":0},"end":{"line":468,"column":23}},"468":{"start":{"line":469,"column":0},"end":{"line":469,"column":17}},"469":{"start":{"line":470,"column":0},"end":{"line":470,"column":35}},"470":{"start":{"line":471,"column":0},"end":{"line":471,"column":23}},"471":{"start":{"line":472,"column":0},"end":{"line":472,"column":34}},"472":{"start":{"line":473,"column":0},"end":{"line":473,"column":9}},"473":{"start":{"line":474,"column":0},"end":{"line":474,"column":5}},"474":{"start":{"line":475,"column":0},"end":{"line":475,"column":0}},"475":{"start":{"line":476,"column":0},"end":{"line":476,"column":30}},"476":{"start":{"line":477,"column":0},"end":{"line":477,"column":52}},"477":{"start":{"line":478,"column":0},"end":{"line":478,"column":34}},"478":{"start":{"line":479,"column":0},"end":{"line":479,"column":35}},"479":{"start":{"line":480,"column":0},"end":{"line":480,"column":23}},"480":{"start":{"line":481,"column":0},"end":{"line":481,"column":51}},"481":{"start":{"line":482,"column":0},"end":{"line":482,"column":9}},"482":{"start":{"line":483,"column":0},"end":{"line":483,"column":5}},"483":{"start":{"line":484,"column":0},"end":{"line":484,"column":0}},"484":{"start":{"line":485,"column":0},"end":{"line":485,"column":25}},"485":{"start":{"line":486,"column":0},"end":{"line":486,"column":47}},"486":{"start":{"line":487,"column":0},"end":{"line":487,"column":4}},"487":{"start":{"line":488,"column":0},"end":{"line":488,"column":67}},"488":{"start":{"line":489,"column":0},"end":{"line":489,"column":30}},"489":{"start":{"line":490,"column":0},"end":{"line":490,"column":20}},"490":{"start":{"line":491,"column":0},"end":{"line":491,"column":90}},"491":{"start":{"line":492,"column":0},"end":{"line":492,"column":6}},"492":{"start":{"line":493,"column":0},"end":{"line":493,"column":0}},"493":{"start":{"line":494,"column":0},"end":{"line":494,"column":90}},"494":{"start":{"line":495,"column":0},"end":{"line":495,"column":34}},"495":{"start":{"line":496,"column":0},"end":{"line":496,"column":40}},"496":{"start":{"line":497,"column":0},"end":{"line":497,"column":5}},"497":{"start":{"line":498,"column":0},"end":{"line":498,"column":0}},"498":{"start":{"line":499,"column":0},"end":{"line":499,"column":36}},"499":{"start":{"line":500,"column":0},"end":{"line":500,"column":57}},"500":{"start":{"line":501,"column":0},"end":{"line":501,"column":22}},"501":{"start":{"line":502,"column":0},"end":{"line":502,"column":0}},"502":{"start":{"line":503,"column":0},"end":{"line":503,"column":38}},"503":{"start":{"line":504,"column":0},"end":{"line":504,"column":60}},"504":{"start":{"line":505,"column":0},"end":{"line":505,"column":4}},"505":{"start":{"line":506,"column":0},"end":{"line":506,"column":65}},"506":{"start":{"line":507,"column":0},"end":{"line":507,"column":98}},"507":{"start":{"line":508,"column":0},"end":{"line":508,"column":80}},"508":{"start":{"line":509,"column":0},"end":{"line":509,"column":0}},"509":{"start":{"line":510,"column":0},"end":{"line":510,"column":31}},"510":{"start":{"line":511,"column":0},"end":{"line":511,"column":0}},"511":{"start":{"line":512,"column":0},"end":{"line":512,"column":19}},"512":{"start":{"line":513,"column":0},"end":{"line":513,"column":51}},"513":{"start":{"line":514,"column":0},"end":{"line":514,"column":26}},"514":{"start":{"line":515,"column":0},"end":{"line":515,"column":21}},"515":{"start":{"line":516,"column":0},"end":{"line":516,"column":76}},"516":{"start":{"line":517,"column":0},"end":{"line":517,"column":7}},"517":{"start":{"line":518,"column":0},"end":{"line":518,"column":3}},"518":{"start":{"line":519,"column":0},"end":{"line":519,"column":2}},"519":{"start":{"line":520,"column":0},"end":{"line":520,"column":0}},"520":{"start":{"line":521,"column":0},"end":{"line":521,"column":28}},"521":{"start":{"line":522,"column":0},"end":{"line":522,"column":50}},"522":{"start":{"line":523,"column":0},"end":{"line":523,"column":7}},"523":{"start":{"line":524,"column":0},"end":{"line":524,"column":64}},"524":{"start":{"line":525,"column":0},"end":{"line":525,"column":0}},"525":{"start":{"line":526,"column":0},"end":{"line":526,"column":23}},"526":{"start":{"line":527,"column":0},"end":{"line":527,"column":56}},"527":{"start":{"line":528,"column":0},"end":{"line":528,"column":35}},"528":{"start":{"line":529,"column":0},"end":{"line":529,"column":23}},"529":{"start":{"line":530,"column":0},"end":{"line":530,"column":67}},"530":{"start":{"line":531,"column":0},"end":{"line":531,"column":9}},"531":{"start":{"line":532,"column":0},"end":{"line":532,"column":5}},"532":{"start":{"line":533,"column":0},"end":{"line":533,"column":0}},"533":{"start":{"line":534,"column":0},"end":{"line":534,"column":35}},"534":{"start":{"line":535,"column":0},"end":{"line":535,"column":45}},"535":{"start":{"line":536,"column":0},"end":{"line":536,"column":35}},"536":{"start":{"line":537,"column":0},"end":{"line":537,"column":23}},"537":{"start":{"line":538,"column":0},"end":{"line":538,"column":39}},"538":{"start":{"line":539,"column":0},"end":{"line":539,"column":9}},"539":{"start":{"line":540,"column":0},"end":{"line":540,"column":5}},"540":{"start":{"line":541,"column":0},"end":{"line":541,"column":0}},"541":{"start":{"line":542,"column":0},"end":{"line":542,"column":37}},"542":{"start":{"line":543,"column":0},"end":{"line":543,"column":64}},"543":{"start":{"line":544,"column":0},"end":{"line":544,"column":24}},"544":{"start":{"line":545,"column":0},"end":{"line":545,"column":35}},"545":{"start":{"line":546,"column":0},"end":{"line":546,"column":23}},"546":{"start":{"line":547,"column":0},"end":{"line":547,"column":28}},"547":{"start":{"line":548,"column":0},"end":{"line":548,"column":9}},"548":{"start":{"line":549,"column":0},"end":{"line":549,"column":5}},"549":{"start":{"line":550,"column":0},"end":{"line":550,"column":0}},"550":{"start":{"line":551,"column":0},"end":{"line":551,"column":39}},"551":{"start":{"line":552,"column":0},"end":{"line":552,"column":37}},"552":{"start":{"line":553,"column":0},"end":{"line":553,"column":32}},"553":{"start":{"line":554,"column":0},"end":{"line":554,"column":47}},"554":{"start":{"line":555,"column":0},"end":{"line":555,"column":7}},"555":{"start":{"line":556,"column":0},"end":{"line":556,"column":0}},"556":{"start":{"line":557,"column":0},"end":{"line":557,"column":16}},"557":{"start":{"line":558,"column":0},"end":{"line":558,"column":35}},"558":{"start":{"line":559,"column":0},"end":{"line":559,"column":23}},"559":{"start":{"line":560,"column":0},"end":{"line":560,"column":63}},"560":{"start":{"line":561,"column":0},"end":{"line":561,"column":9}},"561":{"start":{"line":562,"column":0},"end":{"line":562,"column":5}},"562":{"start":{"line":563,"column":0},"end":{"line":563,"column":0}},"563":{"start":{"line":564,"column":0},"end":{"line":564,"column":44}},"564":{"start":{"line":565,"column":0},"end":{"line":565,"column":32}},"565":{"start":{"line":566,"column":0},"end":{"line":566,"column":40}},"566":{"start":{"line":567,"column":0},"end":{"line":567,"column":42}},"567":{"start":{"line":568,"column":0},"end":{"line":568,"column":22}},"568":{"start":{"line":569,"column":0},"end":{"line":569,"column":0}},"569":{"start":{"line":570,"column":0},"end":{"line":570,"column":35}},"570":{"start":{"line":571,"column":0},"end":{"line":571,"column":98}},"571":{"start":{"line":572,"column":0},"end":{"line":572,"column":0}},"572":{"start":{"line":573,"column":0},"end":{"line":573,"column":51}},"573":{"start":{"line":574,"column":0},"end":{"line":574,"column":60}},"574":{"start":{"line":575,"column":0},"end":{"line":575,"column":0}},"575":{"start":{"line":576,"column":0},"end":{"line":576,"column":14}},"576":{"start":{"line":577,"column":0},"end":{"line":577,"column":20}},"577":{"start":{"line":578,"column":0},"end":{"line":578,"column":53}},"578":{"start":{"line":579,"column":0},"end":{"line":579,"column":7}},"579":{"start":{"line":580,"column":0},"end":{"line":580,"column":0}},"580":{"start":{"line":581,"column":0},"end":{"line":581,"column":19}},"581":{"start":{"line":582,"column":0},"end":{"line":582,"column":50}},"582":{"start":{"line":583,"column":0},"end":{"line":583,"column":0}},"583":{"start":{"line":584,"column":0},"end":{"line":584,"column":31}},"584":{"start":{"line":585,"column":0},"end":{"line":585,"column":43}},"585":{"start":{"line":586,"column":0},"end":{"line":586,"column":83}},"586":{"start":{"line":587,"column":0},"end":{"line":587,"column":35}},"587":{"start":{"line":588,"column":0},"end":{"line":588,"column":23}},"588":{"start":{"line":589,"column":0},"end":{"line":589,"column":42}},"589":{"start":{"line":590,"column":0},"end":{"line":590,"column":9}},"590":{"start":{"line":591,"column":0},"end":{"line":591,"column":5}},"591":{"start":{"line":592,"column":0},"end":{"line":592,"column":0}},"592":{"start":{"line":593,"column":0},"end":{"line":593,"column":26}},"593":{"start":{"line":594,"column":0},"end":{"line":594,"column":21}},"594":{"start":{"line":595,"column":0},"end":{"line":595,"column":61}},"595":{"start":{"line":596,"column":0},"end":{"line":596,"column":7}},"596":{"start":{"line":597,"column":0},"end":{"line":597,"column":3}},"597":{"start":{"line":598,"column":0},"end":{"line":598,"column":2}}},"s":{"0":1,"1":1,"2":1,"3":1,"4":1,"5":1,"6":1,"7":1,"8":1,"9":1,"10":1,"11":1,"12":1,"13":1,"14":1,"15":1,"16":1,"17":1,"18":1,"19":1,"20":1,"21":1,"22":1,"23":1,"24":1,"25":1,"26":1,"27":1,"28":1,"29":1,"30":1,"31":1,"32":1,"33":1,"34":0,"35":0,"36":0,"37":0,"38":0,"39":1,"40":1,"41":1,"42":1,"43":1,"44":1,"45":1,"46":1,"47":1,"48":1,"49":1,"50":1,"51":1,"52":1,"53":1,"54":1,"55":1,"56":1,"57":1,"58":1,"59":1,"60":1,"61":1,"62":1,"63":1,"64":1,"65":1,"66":1,"67":1,"68":1,"69":1,"70":1,"71":1,"72":1,"73":1,"74":1,"75":1,"76":1,"77":1,"78":1,"79":2,"80":2,"81":2,"82":2,"83":2,"84":2,"85":2,"86":2,"87":2,"88":2,"89":0,"90":2,"91":2,"92":0,"93":0,"94":0,"95":2,"96":0,"97":2,"98":2,"99":0,"100":2,"101":0,"102":0,"103":2,"104":2,"105":2,"106":2,"107":1,"108":1,"109":4,"110":4,"111":4,"112":4,"113":4,"114":4,"115":4,"116":4,"117":4,"118":4,"119":4,"120":4,"121":2,"122":2,"123":2,"124":2,"125":2,"126":4,"127":1,"128":1,"129":1,"130":1,"131":1,"132":1,"133":4,"134":0,"135":0,"136":0,"137":4,"138":1,"139":1,"140":1,"141":1,"142":1,"143":1,"144":4,"145":0,"146":0,"147":0,"148":4,"149":1,"150":1,"151":1,"152":1,"153":1,"154":4,"155":0,"156":0,"157":4,"158":1,"159":1,"160":1,"161":4,"162":0,"163":0,"164":0,"165":0,"166":0,"167":0,"168":0,"169":0,"170":0,"171":0,"172":4,"173":1,"174":1,"175":1,"176":1,"177":1,"178":1,"179":1,"180":1,"181":1,"182":1,"183":4,"184":4,"185":1,"186":1,"187":1,"188":1,"189":1,"190":1,"191":1,"192":1,"193":1,"194":1,"195":1,"196":1,"197":1,"198":1,"199":1,"200":1,"201":1,"202":1,"203":1,"204":1,"205":1,"206":1,"207":1,"208":1,"209":1,"210":4,"211":0,"212":0,"213":0,"214":0,"215":0,"216":0,"217":0,"218":0,"219":0,"220":0,"221":0,"222":0,"223":0,"224":0,"225":0,"226":0,"227":0,"228":0,"229":0,"230":0,"231":0,"232":0,"233":0,"234":0,"235":0,"236":0,"237":0,"238":0,"239":0,"240":0,"241":0,"242":0,"243":4,"244":1,"245":1,"246":4,"247":4,"248":4,"249":4,"250":4,"251":2,"252":2,"253":2,"254":2,"255":2,"256":2,"257":2,"258":2,"259":2,"260":2,"261":2,"262":4,"263":0,"264":0,"265":0,"266":0,"267":0,"268":0,"269":4,"270":1,"271":1,"272":1,"273":1,"274":1,"275":1,"276":4,"277":0,"278":0,"279":0,"280":0,"281":0,"282":0,"283":0,"284":0,"285":0,"286":0,"287":0,"288":0,"289":0,"290":0,"291":0,"292":0,"293":0,"294":0,"295":0,"296":0,"297":0,"298":0,"299":0,"300":0,"301":0,"302":0,"303":0,"304":0,"305":0,"306":0,"307":4,"308":1,"309":1,"310":1,"311":1,"312":1,"313":1,"314":1,"315":1,"316":1,"317":1,"318":1,"319":1,"320":3,"321":3,"322":3,"323":1,"324":3,"325":2,"326":3,"327":1,"328":3,"329":1,"330":3,"331":0,"332":0,"333":0,"334":0,"335":0,"336":0,"337":0,"338":1,"339":1,"340":1,"341":1,"342":2,"343":2,"344":2,"345":2,"346":2,"347":2,"348":0,"349":0,"350":2,"351":2,"352":2,"353":2,"354":2,"355":2,"356":2,"357":2,"358":2,"359":2,"360":0,"361":0,"362":0,"363":0,"364":0,"365":0,"366":0,"367":0,"368":0,"369":0,"370":0,"371":0,"372":0,"373":0,"374":0,"375":2,"376":0,"377":2,"378":2,"379":2,"380":2,"381":2,"382":2,"383":2,"384":2,"385":2,"386":0,"387":0,"388":0,"389":0,"390":0,"391":0,"392":0,"393":0,"394":0,"395":0,"396":0,"397":0,"398":0,"399":0,"400":0,"401":1,"402":1,"403":1,"404":1,"405":1,"406":1,"407":1,"408":2,"409":2,"410":2,"411":2,"412":2,"413":2,"414":2,"415":2,"416":2,"417":2,"418":2,"419":2,"420":0,"421":0,"422":0,"423":0,"424":0,"425":0,"426":0,"427":0,"428":0,"429":1,"430":1,"431":0,"432":1,"433":1,"434":3,"435":3,"436":3,"437":3,"438":3,"439":3,"440":3,"441":3,"442":3,"443":3,"444":3,"445":2,"446":3,"447":1,"448":1,"449":3,"450":2,"451":3,"452":1,"453":1,"454":1,"455":1,"456":1,"457":1,"458":1,"459":1,"460":1,"461":1,"462":1,"463":1,"464":1,"465":3,"466":0,"467":0,"468":0,"469":0,"470":0,"471":3,"472":1,"473":1,"474":1,"475":1,"476":1,"477":1,"478":1,"479":1,"480":1,"481":1,"482":1,"483":1,"484":3,"485":0,"486":0,"487":0,"488":0,"489":0,"490":0,"491":0,"492":0,"493":0,"494":0,"495":0,"496":0,"497":0,"498":0,"499":0,"500":0,"501":0,"502":0,"503":0,"504":0,"505":0,"506":0,"507":0,"508":0,"509":0,"510":0,"511":0,"512":0,"513":0,"514":0,"515":0,"516":0,"517":0,"518":0,"519":0,"520":0,"521":1,"522":1,"523":1,"524":3,"525":3,"526":3,"527":2,"528":2,"529":3,"530":1,"531":1,"532":1,"533":1,"534":3,"535":0,"536":0,"537":0,"538":3,"539":1,"540":1,"541":1,"542":1,"543":1,"544":1,"545":1,"546":1,"547":1,"548":1,"549":1,"550":1,"551":1,"552":1,"553":1,"554":1,"555":1,"556":1,"557":3,"558":0,"559":3,"560":1,"561":1,"562":1,"563":1,"564":1,"565":1,"566":1,"567":1,"568":1,"569":1,"570":1,"571":1,"572":1,"573":1,"574":1,"575":0,"576":0,"577":0,"578":0,"579":0,"580":0,"581":0,"582":0,"583":0,"584":1,"585":1,"586":3,"587":3,"588":3,"589":3,"590":1,"591":1,"592":1,"593":1,"594":1,"595":1,"596":1,"597":1},"branchMap":{"0":{"type":"branch","line":1,"loc":{"start":{"line":1,"column":0},"end":{"line":598,"column":2}},"locations":[{"start":{"line":1,"column":0},"end":{"line":598,"column":2}}]},"1":{"type":"branch","line":1,"loc":{"start":{"line":1,"column":13},"end":{"line":598,"column":2}},"locations":[{"start":{"line":1,"column":13},"end":{"line":598,"column":2}}]},"2":{"type":"branch","line":14,"loc":{"start":{"line":14,"column":10},"end":{"line":15,"column":2}},"locations":[{"start":{"line":14,"column":10},"end":{"line":15,"column":2}}]},"3":{"type":"branch","line":14,"loc":{"start":{"line":14,"column":41},"end":{"line":15,"column":0}},"locations":[{"start":{"line":14,"column":41},"end":{"line":15,"column":0}}]},"4":{"type":"branch","line":17,"loc":{"start":{"line":17,"column":29},"end":{"line":18,"column":20}},"locations":[{"start":{"line":17,"column":29},"end":{"line":18,"column":20}}]},"5":{"type":"branch","line":18,"loc":{"start":{"line":18,"column":10},"end":{"line":18,"column":18}},"locations":[{"start":{"line":18,"column":10},"end":{"line":18,"column":18}}]},"6":{"type":"branch","line":21,"loc":{"start":{"line":21,"column":13},"end":{"line":22,"column":19}},"locations":[{"start":{"line":21,"column":13},"end":{"line":22,"column":19}}]},"7":{"type":"branch","line":22,"loc":{"start":{"line":22,"column":9},"end":{"line":22,"column":17}},"locations":[{"start":{"line":22,"column":9},"end":{"line":22,"column":17}}]},"8":{"type":"branch","line":25,"loc":{"start":{"line":25,"column":39},"end":{"line":27,"column":15}},"locations":[{"start":{"line":25,"column":39},"end":{"line":27,"column":15}}]},"9":{"type":"branch","line":27,"loc":{"start":{"line":27,"column":5},"end":{"line":27,"column":13}},"locations":[{"start":{"line":27,"column":5},"end":{"line":27,"column":13}}]},"10":{"type":"branch","line":31,"loc":{"start":{"line":31,"column":-1},"end":{"line":31,"column":38}},"locations":[{"start":{"line":31,"column":-1},"end":{"line":31,"column":38}}]},"11":{"type":"branch","line":31,"loc":{"start":{"line":31,"column":28},"end":{"line":31,"column":36}},"locations":[{"start":{"line":31,"column":28},"end":{"line":31,"column":36}}]},"12":{"type":"branch","line":45,"loc":{"start":{"line":45,"column":11},"end":{"line":48,"column":2}},"locations":[{"start":{"line":45,"column":11},"end":{"line":48,"column":2}}]},"13":{"type":"branch","line":47,"loc":{"start":{"line":47,"column":9},"end":{"line":48,"column":0}},"locations":[{"start":{"line":47,"column":9},"end":{"line":48,"column":0}}]},"14":{"type":"branch","line":54,"loc":{"start":{"line":54,"column":7},"end":{"line":54,"column":54}},"locations":[{"start":{"line":54,"column":7},"end":{"line":54,"column":54}}]},"15":{"type":"branch","line":54,"loc":{"start":{"line":54,"column":44},"end":{"line":54,"column":52}},"locations":[{"start":{"line":54,"column":44},"end":{"line":54,"column":52}}]},"16":{"type":"branch","line":57,"loc":{"start":{"line":57,"column":41},"end":{"line":59,"column":4}},"locations":[{"start":{"line":57,"column":41},"end":{"line":59,"column":4}}]},"17":{"type":"branch","line":58,"loc":{"start":{"line":58,"column":4},"end":{"line":59,"column":2}},"locations":[{"start":{"line":58,"column":4},"end":{"line":59,"column":2}}]},"18":{"type":"branch","line":70,"loc":{"start":{"line":70,"column":28},"end":{"line":75,"column":6}},"locations":[{"start":{"line":70,"column":28},"end":{"line":75,"column":6}}]},"19":{"type":"branch","line":73,"loc":{"start":{"line":73,"column":7},"end":{"line":74,"column":3}},"locations":[{"start":{"line":73,"column":7},"end":{"line":74,"column":3}}]},"20":{"type":"branch","line":79,"loc":{"start":{"line":79,"column":43},"end":{"line":108,"column":5}},"locations":[{"start":{"line":79,"column":43},"end":{"line":108,"column":5}}]},"21":{"type":"branch","line":89,"loc":{"start":{"line":89,"column":11},"end":{"line":91,"column":14}},"locations":[{"start":{"line":89,"column":11},"end":{"line":91,"column":14}}]},"22":{"type":"branch","line":92,"loc":{"start":{"line":92,"column":13},"end":{"line":96,"column":8}},"locations":[{"start":{"line":92,"column":13},"end":{"line":96,"column":8}}]},"23":{"type":"branch","line":96,"loc":{"start":{"line":96,"column":31},"end":{"line":98,"column":44}},"locations":[{"start":{"line":96,"column":31},"end":{"line":98,"column":44}}]},"24":{"type":"branch","line":99,"loc":{"start":{"line":99,"column":14},"end":{"line":101,"column":0}},"locations":[{"start":{"line":99,"column":14},"end":{"line":101,"column":0}}]},"25":{"type":"branch","line":102,"loc":{"start":{"line":102,"column":-1},"end":{"line":104,"column":6}},"locations":[{"start":{"line":102,"column":-1},"end":{"line":104,"column":6}}]},"26":{"type":"branch","line":109,"loc":{"start":{"line":109,"column":23},"end":{"line":245,"column":0}},"locations":[{"start":{"line":109,"column":23},"end":{"line":245,"column":0}}]},"27":{"type":"branch","line":120,"loc":{"start":{"line":120,"column":10},"end":{"line":120,"column":22}},"locations":[{"start":{"line":120,"column":10},"end":{"line":120,"column":22}}]},"28":{"type":"branch","line":120,"loc":{"start":{"line":120,"column":23},"end":{"line":120,"column":36}},"locations":[{"start":{"line":120,"column":23},"end":{"line":120,"column":36}}]},"29":{"type":"branch","line":121,"loc":{"start":{"line":121,"column":0},"end":{"line":121,"column":12}},"locations":[{"start":{"line":121,"column":0},"end":{"line":121,"column":12}}]},"30":{"type":"branch","line":121,"loc":{"start":{"line":121,"column":14},"end":{"line":127,"column":67}},"locations":[{"start":{"line":121,"column":14},"end":{"line":127,"column":67}}]},"31":{"type":"branch","line":127,"loc":{"start":{"line":127,"column":67},"end":{"line":134,"column":33}},"locations":[{"start":{"line":127,"column":67},"end":{"line":134,"column":33}}]},"32":{"type":"branch","line":134,"loc":{"start":{"line":134,"column":33},"end":{"line":138,"column":34}},"locations":[{"start":{"line":134,"column":33},"end":{"line":138,"column":34}}]},"33":{"type":"branch","line":138,"loc":{"start":{"line":138,"column":34},"end":{"line":145,"column":27}},"locations":[{"start":{"line":138,"column":34},"end":{"line":145,"column":27}}]},"34":{"type":"branch","line":145,"loc":{"start":{"line":145,"column":27},"end":{"line":149,"column":22}},"locations":[{"start":{"line":145,"column":27},"end":{"line":149,"column":22}}]},"35":{"type":"branch","line":149,"loc":{"start":{"line":149,"column":22},"end":{"line":155,"column":12}},"locations":[{"start":{"line":149,"column":22},"end":{"line":155,"column":12}}]},"36":{"type":"branch","line":155,"loc":{"start":{"line":155,"column":12},"end":{"line":158,"column":4}},"locations":[{"start":{"line":155,"column":12},"end":{"line":158,"column":4}}]},"37":{"type":"branch","line":158,"loc":{"start":{"line":158,"column":4},"end":{"line":162,"column":3}},"locations":[{"start":{"line":158,"column":4},"end":{"line":162,"column":3}}]},"38":{"type":"branch","line":162,"loc":{"start":{"line":162,"column":3},"end":{"line":173,"column":18}},"locations":[{"start":{"line":162,"column":3},"end":{"line":173,"column":18}}]},"39":{"type":"branch","line":173,"loc":{"start":{"line":173,"column":18},"end":{"line":184,"column":11}},"locations":[{"start":{"line":173,"column":18},"end":{"line":184,"column":11}}]},"40":{"type":"branch","line":184,"loc":{"start":{"line":184,"column":11},"end":{"line":185,"column":7}},"locations":[{"start":{"line":184,"column":11},"end":{"line":185,"column":7}}]},"41":{"type":"branch","line":185,"loc":{"start":{"line":185,"column":7},"end":{"line":211,"column":6}},"locations":[{"start":{"line":185,"column":7},"end":{"line":211,"column":6}}]},"42":{"type":"branch","line":211,"loc":{"start":{"line":211,"column":6},"end":{"line":244,"column":46}},"locations":[{"start":{"line":211,"column":6},"end":{"line":244,"column":46}}]},"43":{"type":"branch","line":246,"loc":{"start":{"line":246,"column":23},"end":{"line":316,"column":1}},"locations":[{"start":{"line":246,"column":23},"end":{"line":316,"column":1}}]},"44":{"type":"branch","line":250,"loc":{"start":{"line":250,"column":18},"end":{"line":251,"column":6}},"locations":[{"start":{"line":250,"column":18},"end":{"line":251,"column":6}}]},"45":{"type":"branch","line":251,"loc":{"start":{"line":251,"column":8},"end":{"line":263,"column":3}},"locations":[{"start":{"line":251,"column":8},"end":{"line":263,"column":3}}]},"46":{"type":"branch","line":263,"loc":{"start":{"line":263,"column":3},"end":{"line":263,"column":19}},"locations":[{"start":{"line":263,"column":3},"end":{"line":263,"column":19}}]},"47":{"type":"branch","line":263,"loc":{"start":{"line":263,"column":19},"end":{"line":270,"column":14}},"locations":[{"start":{"line":263,"column":19},"end":{"line":270,"column":14}}]},"48":{"type":"branch","line":270,"loc":{"start":{"line":270,"column":14},"end":{"line":277,"column":8}},"locations":[{"start":{"line":270,"column":14},"end":{"line":277,"column":8}}]},"49":{"type":"branch","line":277,"loc":{"start":{"line":277,"column":8},"end":{"line":308,"column":9}},"locations":[{"start":{"line":277,"column":8},"end":{"line":308,"column":9}}]},"50":{"type":"branch","line":308,"loc":{"start":{"line":308,"column":9},"end":{"line":315,"column":48}},"locations":[{"start":{"line":308,"column":9},"end":{"line":315,"column":48}}]},"51":{"type":"branch","line":320,"loc":{"start":{"line":320,"column":14},"end":{"line":339,"column":14}},"locations":[{"start":{"line":320,"column":14},"end":{"line":339,"column":14}}]},"52":{"type":"branch","line":323,"loc":{"start":{"line":323,"column":39},"end":{"line":325,"column":20}},"locations":[{"start":{"line":323,"column":39},"end":{"line":325,"column":20}}]},"53":{"type":"branch","line":325,"loc":{"start":{"line":325,"column":20},"end":{"line":327,"column":39}},"locations":[{"start":{"line":325,"column":20},"end":{"line":327,"column":39}}]},"54":{"type":"branch","line":327,"loc":{"start":{"line":327,"column":39},"end":{"line":329,"column":1}},"locations":[{"start":{"line":327,"column":39},"end":{"line":329,"column":1}}]},"55":{"type":"branch","line":329,"loc":{"start":{"line":329,"column":2},"end":{"line":331,"column":1}},"locations":[{"start":{"line":329,"column":2},"end":{"line":331,"column":1}}]},"56":{"type":"branch","line":331,"loc":{"start":{"line":331,"column":22},"end":{"line":339,"column":12}},"locations":[{"start":{"line":331,"column":22},"end":{"line":339,"column":12}}]},"57":{"type":"branch","line":342,"loc":{"start":{"line":342,"column":12},"end":{"line":402,"column":24}},"locations":[{"start":{"line":342,"column":12},"end":{"line":402,"column":24}}]},"58":{"type":"branch","line":348,"loc":{"start":{"line":348,"column":7},"end":{"line":351,"column":56}},"locations":[{"start":{"line":348,"column":7},"end":{"line":351,"column":56}}]},"59":{"type":"branch","line":355,"loc":{"start":{"line":355,"column":3},"end":{"line":356,"column":2}},"locations":[{"start":{"line":355,"column":3},"end":{"line":356,"column":2}}]},"60":{"type":"branch","line":359,"loc":{"start":{"line":359,"column":6},"end":{"line":359,"column":38}},"locations":[{"start":{"line":359,"column":6},"end":{"line":359,"column":38}}]},"61":{"type":"branch","line":360,"loc":{"start":{"line":360,"column":25},"end":{"line":376,"column":3}},"locations":[{"start":{"line":360,"column":25},"end":{"line":376,"column":3}}]},"62":{"type":"branch","line":376,"loc":{"start":{"line":376,"column":43},"end":{"line":378,"column":12}},"locations":[{"start":{"line":376,"column":43},"end":{"line":378,"column":12}}]},"63":{"type":"branch","line":379,"loc":{"start":{"line":379,"column":10},"end":{"line":380,"column":23}},"locations":[{"start":{"line":379,"column":10},"end":{"line":380,"column":23}}]},"64":{"type":"branch","line":385,"loc":{"start":{"line":385,"column":14},"end":{"line":385,"column":29}},"locations":[{"start":{"line":385,"column":14},"end":{"line":385,"column":29}}]},"65":{"type":"branch","line":385,"loc":{"start":{"line":385,"column":30},"end":{"line":386,"column":0}},"locations":[{"start":{"line":385,"column":30},"end":{"line":386,"column":0}}]},"66":{"type":"branch","line":386,"loc":{"start":{"line":386,"column":22},"end":{"line":402,"column":22}},"locations":[{"start":{"line":386,"column":22},"end":{"line":402,"column":22}}]},"67":{"type":"branch","line":408,"loc":{"start":{"line":408,"column":37},"end":{"line":430,"column":5}},"locations":[{"start":{"line":408,"column":37},"end":{"line":430,"column":5}}]},"68":{"type":"branch","line":420,"loc":{"start":{"line":420,"column":19},"end":{"line":430,"column":3}},"locations":[{"start":{"line":420,"column":19},"end":{"line":430,"column":3}}]},"69":{"type":"branch","line":434,"loc":{"start":{"line":434,"column":35},"end":{"line":522,"column":9}},"locations":[{"start":{"line":434,"column":35},"end":{"line":522,"column":9}}]},"70":{"type":"branch","line":445,"loc":{"start":{"line":445,"column":25},"end":{"line":445,"column":40}},"locations":[{"start":{"line":445,"column":25},"end":{"line":445,"column":40}}]},"71":{"type":"branch","line":445,"loc":{"start":{"line":445,"column":41},"end":{"line":447,"column":10}},"locations":[{"start":{"line":445,"column":41},"end":{"line":447,"column":10}}]},"72":{"type":"branch","line":447,"loc":{"start":{"line":447,"column":12},"end":{"line":450,"column":8}},"locations":[{"start":{"line":447,"column":12},"end":{"line":450,"column":8}}]},"73":{"type":"branch","line":450,"loc":{"start":{"line":450,"column":8},"end":{"line":452,"column":31}},"locations":[{"start":{"line":450,"column":8},"end":{"line":452,"column":31}}]},"74":{"type":"branch","line":452,"loc":{"start":{"line":452,"column":31},"end":{"line":466,"column":15}},"locations":[{"start":{"line":452,"column":31},"end":{"line":466,"column":15}}]},"75":{"type":"branch","line":466,"loc":{"start":{"line":466,"column":15},"end":{"line":472,"column":4}},"locations":[{"start":{"line":466,"column":15},"end":{"line":472,"column":4}}]},"76":{"type":"branch","line":472,"loc":{"start":{"line":472,"column":4},"end":{"line":485,"column":10}},"locations":[{"start":{"line":472,"column":4},"end":{"line":485,"column":10}}]},"77":{"type":"branch","line":485,"loc":{"start":{"line":485,"column":10},"end":{"line":522,"column":7}},"locations":[{"start":{"line":485,"column":10},"end":{"line":522,"column":7}}]},"78":{"type":"branch","line":524,"loc":{"start":{"line":524,"column":14},"end":{"line":585,"column":4}},"locations":[{"start":{"line":524,"column":14},"end":{"line":585,"column":4}}]},"79":{"type":"branch","line":527,"loc":{"start":{"line":527,"column":27},"end":{"line":530,"column":22}},"locations":[{"start":{"line":527,"column":27},"end":{"line":530,"column":22}}]},"80":{"type":"branch","line":530,"loc":{"start":{"line":530,"column":22},"end":{"line":535,"column":21}},"locations":[{"start":{"line":530,"column":22},"end":{"line":535,"column":21}}]},"81":{"type":"branch","line":535,"loc":{"start":{"line":535,"column":21},"end":{"line":539,"column":4}},"locations":[{"start":{"line":535,"column":21},"end":{"line":539,"column":4}}]},"82":{"type":"branch","line":539,"loc":{"start":{"line":539,"column":4},"end":{"line":558,"column":16}},"locations":[{"start":{"line":539,"column":4},"end":{"line":558,"column":16}}]},"83":{"type":"branch","line":558,"loc":{"start":{"line":558,"column":18},"end":{"line":560,"column":6}},"locations":[{"start":{"line":558,"column":18},"end":{"line":560,"column":6}}]},"84":{"type":"branch","line":560,"loc":{"start":{"line":560,"column":6},"end":{"line":576,"column":0}},"locations":[{"start":{"line":560,"column":6},"end":{"line":576,"column":0}}]},"85":{"type":"branch","line":576,"loc":{"start":{"line":576,"column":0},"end":{"line":585,"column":2}},"locations":[{"start":{"line":576,"column":0},"end":{"line":585,"column":2}}]},"86":{"type":"branch","line":586,"loc":{"start":{"line":586,"column":14},"end":{"line":598,"column":2}},"locations":[{"start":{"line":586,"column":14},"end":{"line":598,"column":2}}]},"87":{"type":"branch","line":589,"loc":{"start":{"line":589,"column":5},"end":{"line":589,"column":20}},"locations":[{"start":{"line":589,"column":5},"end":{"line":589,"column":20}}]},"88":{"type":"branch","line":589,"loc":{"start":{"line":589,"column":21},"end":{"line":590,"column":0}},"locations":[{"start":{"line":589,"column":21},"end":{"line":590,"column":0}}]},"89":{"type":"branch","line":590,"loc":{"start":{"line":590,"column":2},"end":{"line":598,"column":2}},"locations":[{"start":{"line":590,"column":2},"end":{"line":598,"column":2}}]}},"b":{"0":[1],"1":[1],"2":[1],"3":[0],"4":[1],"5":[0],"6":[1],"7":[0],"8":[1],"9":[0],"10":[1],"11":[0],"12":[1],"13":[0],"14":[1],"15":[0],"16":[1],"17":[0],"18":[1],"19":[0],"20":[2],"21":[0],"22":[0],"23":[0],"24":[0],"25":[0],"26":[4],"27":[2],"28":[2],"29":[2],"30":[2],"31":[1],"32":[0],"33":[1],"34":[0],"35":[1],"36":[0],"37":[1],"38":[0],"39":[1],"40":[0],"41":[1],"42":[0],"43":[4],"44":[2],"45":[2],"46":[1],"47":[0],"48":[1],"49":[0],"50":[1],"51":[3],"52":[1],"53":[2],"54":[1],"55":[1],"56":[0],"57":[2],"58":[0],"59":[1],"60":[1],"61":[0],"62":[0],"63":[1],"64":[1],"65":[1],"66":[0],"67":[2],"68":[0],"69":[3],"70":[2],"71":[2],"72":[1],"73":[2],"74":[1],"75":[0],"76":[1],"77":[0],"78":[3],"79":[2],"80":[1],"81":[0],"82":[1],"83":[0],"84":[1],"85":[0],"86":[3],"87":[2],"88":[2],"89":[1]},"fnMap":{"0":{"name":"get","decl":{"start":{"line":14,"column":10},"end":{"line":15,"column":2}},"loc":{"start":{"line":14,"column":10},"end":{"line":15,"column":2}},"line":14},"1":{"name":"get","decl":{"start":{"line":17,"column":29},"end":{"line":18,"column":20}},"loc":{"start":{"line":17,"column":29},"end":{"line":18,"column":20}},"line":17},"2":{"name":"get","decl":{"start":{"line":21,"column":13},"end":{"line":22,"column":19}},"loc":{"start":{"line":21,"column":13},"end":{"line":22,"column":19}},"line":21},"3":{"name":"get","decl":{"start":{"line":25,"column":39},"end":{"line":27,"column":15}},"loc":{"start":{"line":25,"column":39},"end":{"line":27,"column":15}},"line":25},"4":{"name":"get","decl":{"start":{"line":31,"column":-1},"end":{"line":31,"column":38}},"loc":{"start":{"line":31,"column":-1},"end":{"line":31,"column":38}},"line":31},"5":{"name":"get","decl":{"start":{"line":34,"column":63},"end":{"line":40,"column":5}},"loc":{"start":{"line":34,"column":63},"end":{"line":40,"column":5}},"line":34},"6":{"name":"get","decl":{"start":{"line":45,"column":11},"end":{"line":48,"column":2}},"loc":{"start":{"line":45,"column":11},"end":{"line":48,"column":2}},"line":45},"7":{"name":"get","decl":{"start":{"line":54,"column":7},"end":{"line":54,"column":54}},"loc":{"start":{"line":54,"column":7},"end":{"line":54,"column":54}},"line":54},"8":{"name":"get","decl":{"start":{"line":57,"column":41},"end":{"line":59,"column":4}},"loc":{"start":{"line":57,"column":41},"end":{"line":59,"column":4}},"line":57},"9":{"name":"generateToken","decl":{"start":{"line":70,"column":28},"end":{"line":75,"column":6}},"loc":{"start":{"line":70,"column":28},"end":{"line":75,"column":6}},"line":70},"10":{"name":"validatePasswordStrength","decl":{"start":{"line":79,"column":43},"end":{"line":108,"column":5}},"loc":{"start":{"line":79,"column":43},"end":{"line":108,"column":5}},"line":79},"11":{"name":"register","decl":{"start":{"line":109,"column":23},"end":{"line":245,"column":0}},"loc":{"start":{"line":109,"column":23},"end":{"line":245,"column":0}},"line":109},"12":{"name":"login","decl":{"start":{"line":246,"column":23},"end":{"line":316,"column":1}},"loc":{"start":{"line":246,"column":23},"end":{"line":316,"column":1}},"line":246},"13":{"name":"getProfile","decl":{"start":{"line":320,"column":14},"end":{"line":339,"column":14}},"loc":{"start":{"line":320,"column":14},"end":{"line":339,"column":14}},"line":320},"14":{"name":"updateProfile","decl":{"start":{"line":342,"column":12},"end":{"line":402,"column":24}},"loc":{"start":{"line":342,"column":12},"end":{"line":402,"column":24}},"line":342},"15":{"name":"logout","decl":{"start":{"line":408,"column":37},"end":{"line":430,"column":5}},"loc":{"start":{"line":408,"column":37},"end":{"line":430,"column":5}},"line":408},"16":{"name":"isTokenBlacklisted","decl":{"start":{"line":431,"column":9},"end":{"line":433,"column":27}},"loc":{"start":{"line":431,"column":9},"end":{"line":433,"column":27}},"line":431},"17":{"name":"changePassword","decl":{"start":{"line":434,"column":35},"end":{"line":522,"column":9}},"loc":{"start":{"line":434,"column":35},"end":{"line":522,"column":9}},"line":434},"18":{"name":"forgotPassword","decl":{"start":{"line":524,"column":14},"end":{"line":585,"column":4}},"loc":{"start":{"line":524,"column":14},"end":{"line":585,"column":4}},"line":524},"19":{"name":"resetPassword","decl":{"start":{"line":586,"column":14},"end":{"line":598,"column":2}},"loc":{"start":{"line":586,"column":14},"end":{"line":598,"column":2}},"line":586}},"f":{"0":1,"1":1,"2":1,"3":1,"4":1,"5":0,"6":1,"7":1,"8":1,"9":1,"10":2,"11":4,"12":4,"13":3,"14":2,"15":2,"16":0,"17":3,"18":3,"19":3}}
,"/home/sheel/Documents/graphene-mono/backend/src/models/User.js": {"path":"/home/sheel/Documents/graphene-mono/backend/src/models/User.js","all":false,"statementMap":{"0":{"start":{"line":1,"column":0},"end":{"line":1,"column":32}},"1":{"start":{"line":2,"column":0},"end":{"line":2,"column":30}},"2":{"start":{"line":3,"column":0},"end":{"line":3,"column":28}},"3":{"start":{"line":4,"column":0},"end":{"line":4,"column":0}},"4":{"start":{"line":5,"column":0},"end":{"line":5,"column":40}},"5":{"start":{"line":6,"column":0},"end":{"line":6,"column":10}},"6":{"start":{"line":7,"column":0},"end":{"line":7,"column":17}},"7":{"start":{"line":8,"column":0},"end":{"line":8,"column":42}},"8":{"start":{"line":9,"column":0},"end":{"line":9,"column":20}},"9":{"start":{"line":10,"column":0},"end":{"line":10,"column":15}},"10":{"start":{"line":11,"column":0},"end":{"line":11,"column":19}},"11":{"start":{"line":12,"column":0},"end":{"line":12,"column":12}},"12":{"start":{"line":13,"column":0},"end":{"line":13,"column":35}},"13":{"start":{"line":14,"column":0},"end":{"line":14,"column":42}},"14":{"start":{"line":15,"column":0},"end":{"line":15,"column":5}},"15":{"start":{"line":16,"column":0},"end":{"line":16,"column":4}},"16":{"start":{"line":17,"column":0},"end":{"line":17,"column":13}},"17":{"start":{"line":18,"column":0},"end":{"line":18,"column":17}},"18":{"start":{"line":19,"column":0},"end":{"line":19,"column":45}},"19":{"start":{"line":20,"column":0},"end":{"line":20,"column":65}},"20":{"start":{"line":21,"column":0},"end":{"line":21,"column":4}},"21":{"start":{"line":22,"column":0},"end":{"line":22,"column":14}},"22":{"start":{"line":23,"column":0},"end":{"line":23,"column":17}},"23":{"start":{"line":24,"column":0},"end":{"line":24,"column":47}},"24":{"start":{"line":25,"column":0},"end":{"line":25,"column":15}},"25":{"start":{"line":26,"column":0},"end":{"line":26,"column":17}},"26":{"start":{"line":27,"column":0},"end":{"line":27,"column":4}},"27":{"start":{"line":28,"column":0},"end":{"line":28,"column":13}},"28":{"start":{"line":29,"column":0},"end":{"line":29,"column":17}},"29":{"start":{"line":30,"column":0},"end":{"line":30,"column":46}},"30":{"start":{"line":31,"column":0},"end":{"line":31,"column":15}},"31":{"start":{"line":32,"column":0},"end":{"line":32,"column":17}},"32":{"start":{"line":33,"column":0},"end":{"line":33,"column":4}},"33":{"start":{"line":34,"column":0},"end":{"line":34,"column":10}},"34":{"start":{"line":35,"column":0},"end":{"line":35,"column":17}},"35":{"start":{"line":36,"column":0},"end":{"line":36,"column":15}},"36":{"start":{"line":37,"column":0},"end":{"line":37,"column":18}},"37":{"start":{"line":38,"column":0},"end":{"line":38,"column":12}},"38":{"start":{"line":39,"column":0},"end":{"line":39,"column":31}},"39":{"start":{"line":40,"column":0},"end":{"line":40,"column":41}},"40":{"start":{"line":41,"column":0},"end":{"line":41,"column":5}},"41":{"start":{"line":42,"column":0},"end":{"line":42,"column":4}},"42":{"start":{"line":43,"column":0},"end":{"line":43,"column":13}},"43":{"start":{"line":44,"column":0},"end":{"line":44,"column":18}},"44":{"start":{"line":45,"column":0},"end":{"line":45,"column":17}},"45":{"start":{"line":46,"column":0},"end":{"line":46,"column":4}},"46":{"start":{"line":47,"column":0},"end":{"line":47,"column":18}},"47":{"start":{"line":48,"column":0},"end":{"line":48,"column":18}},"48":{"start":{"line":49,"column":0},"end":{"line":49,"column":18}},"49":{"start":{"line":50,"column":0},"end":{"line":50,"column":4}},"50":{"start":{"line":51,"column":0},"end":{"line":51,"column":19}},"51":{"start":{"line":52,"column":0},"end":{"line":52,"column":18}},"52":{"start":{"line":53,"column":0},"end":{"line":53,"column":18}},"53":{"start":{"line":54,"column":0},"end":{"line":54,"column":4}},"54":{"start":{"line":55,"column":0},"end":{"line":55,"column":9}},"55":{"start":{"line":56,"column":0},"end":{"line":56,"column":17}},"56":{"start":{"line":57,"column":0},"end":{"line":57,"column":32}},"57":{"start":{"line":58,"column":0},"end":{"line":58,"column":23}},"58":{"start":{"line":59,"column":0},"end":{"line":59,"column":4}},"59":{"start":{"line":60,"column":0},"end":{"line":60,"column":18}},"60":{"start":{"line":61,"column":0},"end":{"line":61,"column":17}},"61":{"start":{"line":62,"column":0},"end":{"line":62,"column":33}},"62":{"start":{"line":63,"column":0},"end":{"line":63,"column":21}},"63":{"start":{"line":64,"column":0},"end":{"line":64,"column":4}},"64":{"start":{"line":65,"column":0},"end":{"line":65,"column":16}},"65":{"start":{"line":66,"column":0},"end":{"line":66,"column":14}},"66":{"start":{"line":67,"column":0},"end":{"line":67,"column":4}},"67":{"start":{"line":68,"column":0},"end":{"line":68,"column":27}},"68":{"start":{"line":69,"column":0},"end":{"line":69,"column":16}},"69":{"start":{"line":70,"column":0},"end":{"line":70,"column":4}},"70":{"start":{"line":71,"column":0},"end":{"line":71,"column":29}},"71":{"start":{"line":72,"column":0},"end":{"line":72,"column":14}},"72":{"start":{"line":73,"column":0},"end":{"line":73,"column":4}},"73":{"start":{"line":74,"column":0},"end":{"line":74,"column":23}},"74":{"start":{"line":75,"column":0},"end":{"line":75,"column":16}},"75":{"start":{"line":76,"column":0},"end":{"line":76,"column":4}},"76":{"start":{"line":77,"column":0},"end":{"line":77,"column":25}},"77":{"start":{"line":78,"column":0},"end":{"line":78,"column":14}},"78":{"start":{"line":79,"column":0},"end":{"line":79,"column":4}},"79":{"start":{"line":80,"column":0},"end":{"line":80,"column":15}},"80":{"start":{"line":81,"column":0},"end":{"line":81,"column":15}},"81":{"start":{"line":82,"column":0},"end":{"line":82,"column":19}},"82":{"start":{"line":83,"column":0},"end":{"line":83,"column":48}},"83":{"start":{"line":84,"column":0},"end":{"line":84,"column":17}},"84":{"start":{"line":85,"column":0},"end":{"line":85,"column":20}},"85":{"start":{"line":86,"column":0},"end":{"line":86,"column":6}},"86":{"start":{"line":87,"column":0},"end":{"line":87,"column":14}},"87":{"start":{"line":88,"column":0},"end":{"line":88,"column":19}},"88":{"start":{"line":89,"column":0},"end":{"line":89,"column":17}},"89":{"start":{"line":90,"column":0},"end":{"line":90,"column":20}},"90":{"start":{"line":91,"column":0},"end":{"line":91,"column":6}},"91":{"start":{"line":92,"column":0},"end":{"line":92,"column":19}},"92":{"start":{"line":93,"column":0},"end":{"line":93,"column":19}},"93":{"start":{"line":94,"column":0},"end":{"line":94,"column":53}},"94":{"start":{"line":95,"column":0},"end":{"line":95,"column":17}},"95":{"start":{"line":96,"column":0},"end":{"line":96,"column":20}},"96":{"start":{"line":97,"column":0},"end":{"line":97,"column":6}},"97":{"start":{"line":98,"column":0},"end":{"line":98,"column":19}},"98":{"start":{"line":99,"column":0},"end":{"line":99,"column":19}},"99":{"start":{"line":100,"column":0},"end":{"line":100,"column":17}},"100":{"start":{"line":101,"column":0},"end":{"line":101,"column":20}},"101":{"start":{"line":102,"column":0},"end":{"line":102,"column":6}},"102":{"start":{"line":103,"column":0},"end":{"line":103,"column":11}},"103":{"start":{"line":104,"column":0},"end":{"line":104,"column":19}},"104":{"start":{"line":105,"column":0},"end":{"line":105,"column":43}},"105":{"start":{"line":106,"column":0},"end":{"line":106,"column":17}},"106":{"start":{"line":107,"column":0},"end":{"line":107,"column":19}},"107":{"start":{"line":108,"column":0},"end":{"line":108,"column":6}},"108":{"start":{"line":109,"column":0},"end":{"line":109,"column":20}},"109":{"start":{"line":110,"column":0},"end":{"line":110,"column":19}},"110":{"start":{"line":111,"column":0},"end":{"line":111,"column":53}},"111":{"start":{"line":112,"column":0},"end":{"line":112,"column":17}},"112":{"start":{"line":113,"column":0},"end":{"line":113,"column":19}},"113":{"start":{"line":114,"column":0},"end":{"line":114,"column":6}},"114":{"start":{"line":115,"column":0},"end":{"line":115,"column":17}},"115":{"start":{"line":116,"column":0},"end":{"line":116,"column":19}},"116":{"start":{"line":117,"column":0},"end":{"line":117,"column":50}},"117":{"start":{"line":118,"column":0},"end":{"line":118,"column":17}},"118":{"start":{"line":119,"column":0},"end":{"line":119,"column":19}},"119":{"start":{"line":120,"column":0},"end":{"line":120,"column":6}},"120":{"start":{"line":121,"column":0},"end":{"line":121,"column":14}},"121":{"start":{"line":122,"column":0},"end":{"line":122,"column":19}},"122":{"start":{"line":123,"column":0},"end":{"line":123,"column":46}},"123":{"start":{"line":124,"column":0},"end":{"line":124,"column":17}},"124":{"start":{"line":125,"column":0},"end":{"line":125,"column":19}},"125":{"start":{"line":126,"column":0},"end":{"line":126,"column":6}},"126":{"start":{"line":127,"column":0},"end":{"line":127,"column":18}},"127":{"start":{"line":128,"column":0},"end":{"line":128,"column":19}},"128":{"start":{"line":129,"column":0},"end":{"line":129,"column":17}},"129":{"start":{"line":130,"column":0},"end":{"line":130,"column":20}},"130":{"start":{"line":131,"column":0},"end":{"line":131,"column":14}},"131":{"start":{"line":132,"column":0},"end":{"line":132,"column":41}},"132":{"start":{"line":133,"column":0},"end":{"line":133,"column":43}},"133":{"start":{"line":134,"column":0},"end":{"line":134,"column":7}},"134":{"start":{"line":135,"column":0},"end":{"line":135,"column":6}},"135":{"start":{"line":136,"column":0},"end":{"line":136,"column":16}},"136":{"start":{"line":137,"column":0},"end":{"line":137,"column":20}},"137":{"start":{"line":138,"column":0},"end":{"line":138,"column":20}},"138":{"start":{"line":139,"column":0},"end":{"line":139,"column":6}},"139":{"start":{"line":140,"column":0},"end":{"line":140,"column":16}},"140":{"start":{"line":141,"column":0},"end":{"line":141,"column":17}},"141":{"start":{"line":142,"column":0},"end":{"line":142,"column":23}},"142":{"start":{"line":143,"column":0},"end":{"line":143,"column":6}},"143":{"start":{"line":144,"column":0},"end":{"line":144,"column":16}},"144":{"start":{"line":145,"column":0},"end":{"line":145,"column":17}},"145":{"start":{"line":146,"column":0},"end":{"line":146,"column":23}},"146":{"start":{"line":147,"column":0},"end":{"line":147,"column":5}},"147":{"start":{"line":148,"column":0},"end":{"line":148,"column":5}},"148":{"start":{"line":149,"column":0},"end":{"line":149,"column":29}},"149":{"start":{"line":150,"column":0},"end":{"line":150,"column":40}},"150":{"start":{"line":151,"column":0},"end":{"line":151,"column":4}},"151":{"start":{"line":152,"column":0},"end":{"line":152,"column":28}},"152":{"start":{"line":153,"column":0},"end":{"line":153,"column":40}},"153":{"start":{"line":154,"column":0},"end":{"line":154,"column":3}},"154":{"start":{"line":155,"column":0},"end":{"line":155,"column":4}},"155":{"start":{"line":156,"column":0},"end":{"line":156,"column":19}},"156":{"start":{"line":157,"column":0},"end":{"line":157,"column":11}},"157":{"start":{"line":158,"column":0},"end":{"line":158,"column":35}},"158":{"start":{"line":159,"column":0},"end":{"line":159,"column":26}},"159":{"start":{"line":160,"column":0},"end":{"line":160,"column":40}},"160":{"start":{"line":161,"column":0},"end":{"line":161,"column":42}},"161":{"start":{"line":162,"column":0},"end":{"line":162,"column":36}},"162":{"start":{"line":163,"column":0},"end":{"line":163,"column":38}},"163":{"start":{"line":164,"column":0},"end":{"line":164,"column":17}},"164":{"start":{"line":165,"column":0},"end":{"line":165,"column":5}},"165":{"start":{"line":166,"column":0},"end":{"line":166,"column":3}},"166":{"start":{"line":167,"column":0},"end":{"line":167,"column":3}},"167":{"start":{"line":168,"column":0},"end":{"line":168,"column":0}},"168":{"start":{"line":169,"column":0},"end":{"line":169,"column":47}},"169":{"start":{"line":170,"column":0},"end":{"line":170,"column":49}},"170":{"start":{"line":171,"column":0},"end":{"line":171,"column":0}},"171":{"start":{"line":172,"column":0},"end":{"line":172,"column":42}},"172":{"start":{"line":173,"column":0},"end":{"line":173,"column":34}},"173":{"start":{"line":174,"column":0},"end":{"line":174,"column":30}},"174":{"start":{"line":175,"column":0},"end":{"line":175,"column":0}},"1
[...]
"1088":0,"1089":0,"1090":0,"1091":0,"1092":0,"1093":0,"1094":0,"1095":0,"1096":0,"1097":0,"1098":0,"1099":0,"1100":0,"1101":0,"1102":0,"1103":0,"1104":0,"1105":0,"1106":0,"1107":0,"1108":0,"1109":0,"1110":0,"1111":0,"1112":0,"1113":0,"1114":0,"1115":0,"1116":0,"1117":0,"1118":0,"1119":0,"1120":0,"1121":0,"1122":0,"1123":0,"1124":0,"1125":0,"1126":0,"1127":0,"1128":0,"1129":0,"1130":0,"1131":0,"1132":0,"1133":0,"1134":0,"1135":0,"1136":0,"1137":0,"1138":0,"1139":0,"1140":1,"1141":1,"1142":1,"1143":1,"1144":0,"1145":0,"1146":0,"1147":0,"1148":0,"1149":0,"1150":0,"1151":0,"1152":0,"1153":0,"1154":0,"1155":0,"1156":0,"1157":0,"1158":0,"1159":0,"1160":0,"1161":0,"1162":0,"1163":0,"1164":0,"1165":0,"1166":0,"1167":0,"1168":0,"1169":0,"1170":0,"1171":0,"1172":0,"1173":0,"1174":0,"1175":0,"1176":0,"1177":0,"1178":0,"1179":0,"1180":0,"1181":0,"1182":0,"1183":0,"1184":0,"1185":0,"1186":0,"1187":0,"1188":0,"1189":0,"1190":0,"1191":0,"1192":0,"1193":0,"1194":0,"1195":0,"1196":0,"1197":0,"1198":0,"1199":1,"1200":1,"1201":0,"1202":0,"1203":0,"1204":0,"1205":0,"1206":0,"1207":0,"1208":0,"1209":0,"1210":0,"1211":0,"1212":0,"1213":0,"1214":0,"1215":0,"1216":0,"1217":0,"1218":0,"1219":0,"1220":0,"1221":0,"1222":0,"1223":0,"1224":0,"1225":0,"1226":0,"1227":0,"1228":0,"1229":0,"1230":1,"1231":1,"1232":1,"1233":1,"1234":1,"1235":1,"1236":1,"1237":1,"1238":1,"1239":1,"1240":1,"1241":1,"1242":1,"1243":1,"1244":1,"1245":1,"1246":1,"1247":1,"1248":1,"1249":1,"1250":1,"1251":1,"1252":1,"1253":1,"1254":1,"1255":1,"1256":1,"1257":1,"1258":1,"1259":0,"1260":0,"1261":1,"1262":1,"1263":1,"1264":1,"1265":1,"1266":1,"1267":1,"1268":1,"1269":1,"1270":1,"1271":1,"1272":1,"1273":1,"1274":1,"1275":1,"1276":1,"1277":1,"1278":1,"1279":1,"1280":1,"1281":1,"1282":0,"1283":0,"1284":0,"1285":0,"1286":0,"1287":0,"1288":0,"1289":0,"1290":0,"1291":0,"1292":0,"1293":0,"1294":0,"1295":0,"1296":1,"1297":1,"1298":1,"1299":0,"1300":0,"1301":0,"1302":0,"1303":0,"1304":0,"1305":0,"1306":1,"1307":1,"1308":1,"1309":1,"1310":0,"1311":0,"1312":0,"1313":0,"1314":0,"1315":0,"1316":1,"1317":1,"1318":0,"1319":0,"1320":0,"1321":1,"1322":1,"1323":1,"1324":1,"1325":1,"1326":1,"1327":1,"1328":1,"1329":1,"1330":1,"1331":1,"1332":1,"1333":1,"1334":1,"1335":1,"1336":1,"1337":1,"1338":1,"1339":1,"1340":1,"1341":0,"1342":1,"1343":1,"1344":1,"1345":1,"1346":1,"1347":1,"1348":1,"1349":1,"1350":1,"1351":1,"1352":1,"1353":0,"1354":0,"1355":0,"1356":0,"1357":0,"1358":0,"1359":0,"1360":0,"1361":0,"1362":0,"1363":1,"1364":1,"1365":1,"1366":1,"1367":1,"1368":1,"1369":1,"1370":1,"1371":1,"1372":1,"1373":1,"1374":1,"1375":1,"1376":1,"1377":1,"1378":1,"1379":1,"1380":1,"1381":1,"1382":1,"1383":1,"1384":1,"1385":1,"1386":1,"1387":1,"1388":1,"1389":1,"1390":1,"1391":1},"branchMap":{"0":{"type":"branch","line":1,"loc":{"start":{"line":1,"column":0},"end":{"line":1392,"column":3}},"locations":[{"start":{"line":1,"column":0},"end":{"line":1392,"column":3}}]},"1":{"type":"branch","line":1,"loc":{"start":{"line":1,"column":13},"end":{"line":1392,"column":3}},"locations":[{"start":{"line":1,"column":13},"end":{"line":1392,"column":3}}]},"2":{"type":"branch","line":13,"loc":{"start":{"line":13,"column":19},"end":{"line":1386,"column":19}},"locations":[{"start":{"line":13,"column":19},"end":{"line":1386,"column":19}}]},"3":{"type":"branch","line":22,"loc":{"start":{"line":22,"column":11},"end":{"line":35,"column":4}},"locations":[{"start":{"line":22,"column":11},"end":{"line":35,"column":4}}]},"4":{"type":"branch","line":88,"loc":{"start":{"line":88,"column":0},"end":{"line":1255,"column":52}},"locations":[{"start":{"line":88,"column":0},"end":{"line":1255,"column":52}}]},"5":{"type":"branch","line":1009,"loc":{"start":{"line":1009,"column":7},"end":{"line":1044,"column":51}},"locations":[{"start":{"line":1009,"column":7},"end":{"line":1044,"column":51}}]},"6":{"type":"branch","line":88,"loc":{"start":{"line":88,"column":42},"end":{"line":528,"column":44}},"locations":[{"start":{"line":88,"column":42},"end":{"line":528,"column":44}}]},"7":{"type":"branch","line":89,"loc":{"start":{"line":89,"column":49},"end":{"line":90,"column":52}},"locations":[{"start":{"line":89,"column":49},"end":{"line":90,"column":52}}]},"8":{"type":"branch","line":93,"loc":{"start":{"line":93,"column":43},"end":{"line":93,"column":55}},"locations":[{"start":{"line":93,"column":43},"end":{"line":93,"column":55}}]},"9":{"type":"branch","line":93,"loc":{"start":{"line":93,"column":56},"end":{"line":93,"column":60}},"locations":[{"start":{"line":93,"column":56},"end":{"line":93,"column":60}}]},"10":{"type":"branch","line":94,"loc":{"start":{"line":94,"column":22},"end":{"line":94,"column":42}},"locations":[{"start":{"line":94,"column":22},"end":{"line":94,"column":42}}]},"11":{"type":"branch","line":94,"loc":{"start":{"line":94,"column":43},"end":{"line":94,"column":47}},"locations":[{"start":{"line":94,"column":43},"end":{"line":94,"column":47}}]},"12":{"type":"branch","line":94,"loc":{"start":{"line":94,"column":99},"end":{"line":94,"column":112}},"locations":[{"start":{"line":94,"column":99},"end":{"line":94,"column":112}}]},"13":{"type":"branch","line":94,"loc":{"start":{"line":94,"column":113},"end":{"line":94,"column":124}},"locations":[{"start":{"line":94,"column":113},"end":{"line":94,"column":124}}]},"14":{"type":"branch","line":95,"loc":{"start":{"line":95,"column":53},"end":{"line":95,"column":70}},"locations":[{"start":{"line":95,"column":53},"end":{"line":95,"column":70}}]},"15":{"type":"branch","line":95,"loc":{"start":{"line":95,"column":71},"end":{"line":95,"column":74}},"locations":[{"start":{"line":95,"column":71},"end":{"line":95,"column":74}}]},"16":{"type":"branch","line":96,"loc":{"start":{"line":96,"column":11},"end":{"line":96,"column":29}},"locations":[{"start":{"line":96,"column":11},"end":{"line":96,"column":29}}]},"17":{"type":"branch","line":96,"loc":{"start":{"line":96,"column":30},"end":{"line":96,"column":33}},"locations":[{"start":{"line":96,"column":30},"end":{"line":96,"column":33}}]},"18":{"type":"branch","line":99,"loc":{"start":{"line":99,"column":4},"end":{"line":99,"column":24}},"locations":[{"start":{"line":99,"column":4},"end":{"line":99,"column":24}}]},"19":{"type":"branch","line":99,"loc":{"start":{"line":99,"column":25},"end":{"line":99,"column":56}},"locations":[{"start":{"line":99,"column":25},"end":{"line":99,"column":56}}]},"20":{"type":"branch","line":106,"loc":{"start":{"line":106,"column":10},"end":{"line":106,"column":38}},"locations":[{"start":{"line":106,"column":10},"end":{"line":106,"column":38}}]},"21":{"type":"branch","line":107,"loc":{"start":{"line":107,"column":47},"end":{"line":107,"column":60}},"locations":[{"start":{"line":107,"column":47},"end":{"line":107,"column":60}}]},"22":{"type":"branch","line":107,"loc":{"start":{"line":107,"column":61},"end":{"line":107,"column":72}},"locations":[{"start":{"line":107,"column":61},"end":{"line":107,"column":72}}]},"23":{"type":"branch","line":107,"loc":{"start":{"line":107,"column":73},"end":{"line":107,"column":83}},"locations":[{"start":{"line":107,"column":73},"end":{"line":107,"column":83}}]},"24":{"type":"branch","line":108,"loc":{"start":{"line":108,"column":0},"end":{"line":108,"column":27}},"locations":[{"start":{"line":108,"column":0},"end":{"line":108,"column":27}}]},"25":{"type":"branch","line":108,"loc":{"start":{"line":108,"column":28},"end":{"line":109,"column":5}},"locations":[{"start":{"line":108,"column":28},"end":{"line":109,"column":5}}]},"26":{"type":"branch","line":109,"loc":{"start":{"line":109,"column":6},"end":{"line":109,"column":24}},"locations":[{"start":{"line":109,"column":6},"end":{"line":109,"column":24}}]},"27":{"type":"branch","line":109,"loc":{"start":{"line":109,"column":26},"end":{"line":109,"column":84}},"locations":[{"start":{"line":109,"column":26},"end":{"line":109,"column":84}}]},"28":{"type":"branch","line":110,"loc":{"start":{"line":110,"column":23},"end":{"line":110,"column":36}},"locations":[{"start":{"line":110,"column":23},"end":{"line":110,"column":36}}]},"29":{"type":"branch","line":110,"loc":{"start":{"line":110,"column":37},"end":{"line":110,"column":48}},"locations":[{"start":{"line":110,"column":37},"end":{"line":110,"column":48}}]},"30":{"type":"branch","line":110,"loc":{"start":{"line":110,"column":49},"end":{"line":110,"column":75}},"locations":[{"start":{"line":110,"column":49},"end":{"line":110,"column":75}}]},"31":{"type":"branch","line":110,"loc":{"start":{"line":110,"column":76},"end":{"line":111,"column":12}},"locations":[{"start":{"line":110,"column":76},"end":{"line":111,"column":12}}]},"32":{"type":"branch","line":111,"loc":{"start":{"line":111,"column":13},"end":{"line":111,"column":27}},"locations":[{"start":{"line":111,"column":13},"end":{"line":111,"column":27}}]},"33":{"type":"branch","line":111,"loc":{"start":{"line":111,"column":29},"end":{"line":112,"column":9}},"locations":[{"start":{"line":111,"column":29},"end":{"line":112,"column":9}}]},"34":{"type":"branch","line":113,"loc":{"start":{"line":113,"column":51},"end":{"line":113,"column":63}},"locations":[{"start":{"line":113,"column":51},"end":{"line":113,"column":63}}]},"35":{"type":"branch","line":113,"loc":{"start":{"line":113,"column":64},"end":{"line":113,"column":77}},"locations":[{"start":{"line":113,"column":64},"end":{"line":113,"column":77}}]},"36":{"type":"branch","line":113,"loc":{"start":{"line":113,"column":78},"end":{"line":114,"column":12}},"locations":[{"start":{"line":113,"column":78},"end":{"line":114,"column":12}}]},"37":{"type":"branch","line":114,"loc":{"start":{"line":114,"column":14},"end":{"line":160,"column":14}},"locations":[{"start":{"line":114,"column":14},"end":{"line":160,"column":14}}]},"38":{"type":"branch","line":115,"loc":{"start":{"line":115,"column":51},"end":{"line":116,"column":2}},"locations":[{"start":{"line":115,"column":51},"end":{"line":116,"column":2}}]},"39":{"type":"branch","line":116,"loc":{"start":{"line":116,"column":76},"end":{"line":116,"column":84}},"locations":[{"start":{"line":116,"column":76},"end":{"line":116,"column":84}}]},"40":{"type":"branch","line":117,"loc":{"start":{"line":117,"column":35},"end":{"line":118,"column":1}},"locations":[{"start":{"line":117,"column":35},"end":{"line":118,"column":1}}]},"41":{"type":"branch","line":119,"loc":{"start":{"line":119,"column":65},"end":{"line":120,"column":17}},"locations":[{"start":{"line":119,"column":65},"end":{"line":120,"column":17}}]},"42":{"type":"branch","line":120,"loc":{"start":{"line":120,"column":18},"end":{"line":120,"column":28}},"locations":[{"start":{"line":120,"column":18},"end":{"line":120,"column":28}}]},"43":{"type":"branch","line":122,"loc":{"start":{"line":122,"column":6},"end":{"line":122,"column":21}},"locations":[{"start":{"line":122,"column":6},"end":{"line":122,"column":21}}]},"44":{"type":"branch","line":122,"loc":{"start":{"line":122,"column":22},"end":{"line":122,"column":28}},"locations":[{"start":{"line":122,"column":22},"end":{"line":122,"column":28}}]},"45":{"type":"branch","line":123,"loc":{"start":{"line":123,"column":12},"end":{"line":123,"column":26}},"locations":[{"start":{"line":123,"column":12},"end":{"line":123,"column":26}}]},"46":{"type":"branch","line":125,"loc":{"start":{"line":125,"column":71},"end":{"line":125,"column":92}},"locations":[{"start":{"line":125,"column":71},"end":{"line":125,"column":92}}]},"47":{"type":"branch","line":125,"loc":{"start":{"line":125,"column":93},"end":{"line":126,"column":5}},"locations":[{"start":{"line":125,"column":93},"end":{"line":126,"column":5}}]},"48":{"type":"branch","line":161,"loc":{"start":{"line":161,"column":44},"end":{"line":180,"column":17}},"locations":[{"start":{"line":161,"column":44},"end":{"line":180,"column":17}}]},"49":{"type":"branch","line":182,"loc":{"start":{"line":182,"column":16},"end":{"line":182,"column":29}},"locations":[{"start":{"line":182,"column":16},"end":{"line":182,"column":29}}]},"50":{"type":"branch","line":182,"loc":{"start":{"line":182,"column":73},"end":{"line":182,"column":86}},"locations":[{"start":{"line":182,"column":73},"end":{"line":182,"column":86}}]},"51":{"type":"branch","line":89,"loc":{"start":{"line":89,"column":74},"end":{"line":90,"column":42}},"locations":[{"start":{"line":89,"column":74},"end":{"line":90,"column":42}}]},"52":{"type":"branch","line":185,"loc":{"start":{"line":185,"column":59},"end":{"line":338,"column":7}},"locations":[{"start":{"line":185,"column":59},"end":{"line":338,"column":7}}]},"53":{"type":"branch","line":191,"loc":{"start":{"line":191,"column":39},"end":{"line":228,"column":19}},"locations":[{"start":{"line":191,"column":39},"end":{"line":228,"column":19}}]},"54":{"type":"branch","line":231,"loc":{"start":{"line":231,"column":2},"end":{"line":245,"column":27}},"locations":[{"start":{"line":231,"column":2},"end":{"line":245,"column":27}}]},"55":{"type":"branch","line":248,"loc":{"start":{"line":248,"column":19},"end":{"line":322,"column":2}},"locations":[{"start":{"line":248,"column":19},"end":{"line":322,"column":2}}]},"56":{"type":"branch","line":329,"loc":{"start":{"line":329,"column":42},"end":{"line":329,"column":54}},"locations":[{"start":{"line":329,"column":42},"end":{"line":329,"column":54}}]},"57":{"type":"branch","line":330,"loc":{"start":{"line":330,"column":46},"end":{"line":331,"column":49}},"locations":[{"start":{"line":330,"column":46},"end":{"line":331,"column":49}}]},"58":{"type":"branch","line":333,"loc":{"start":{"line":333,"column":48},"end":{"line":335,"column":18}},"locations":[{"start":{"line":333,"column":48},"end":{"line":335,"column":18}}]},"59":{"type":"branch","line":335,"loc":{"start":{"line":335,"column":18},"end":{"line":336,"column":42}},"locations":[{"start":{"line":335,"column":18},"end":{"line":336,"column":42}}]},"60":{"type":"branch","line":332,"loc":{"start":{"line":332,"column":51},"end":{"line":333,"column":9}},"locations":[{"start":{"line":332,"column":51},"end":{"line":333,"column":9}}]},"61":{"type":"branch","line":531,"loc":{"start":{"line":531,"column":16},"end":{"line":645,"column":21}},"locations":[{"start":{"line":531,"column":16},"end":{"line":645,"column":21}}]},"62":{"type":"branch","line":566,"loc":{"start":{"line":566,"column":26},"end":{"line":642,"column":29}},"locations":[{"start":{"line":566,"column":26},"end":{"line":642,"column":29}}]},"63":{"type":"branch","line":568,"loc":{"start":{"line":568,"column":28},"end":{"line":619,"column":37}},"locations":[{"start":{"line":568,"column":28},"end":{"line":619,"column":37}}]},"64":{"type":"branch","line":620,"loc":{"start":{"line":620,"column":3},"end":{"line":620,"column":31}},"locations":[{"start":{"line":620,"column":3},"end":{"line":620,"column":31}}]},"65":{"type":"branch","line":620,"loc":{"start":{"line":620,"column":33},"end":{"line":641,"column":43}},"locations":[{"start":{"line":620,"column":33},"end":{"line":641,"column":43}}]},"66":{"type":"branch","line":643,"loc":{"start":{"line":643,"column":23},"end":{"line":644,"column":15}},"locations":[{"start":{"line":643,"column":23},"end":{"line":644,"column":15}}]},"67":{"type":"branch","line":796,"loc":{"start":{"line":796,"column":5},"end":{"line":861,"column":38}},"locations":[{"start":{"line":796,"column":5},"end":{"line":861,"column":38}}]},"68":{"type":"branch","line":797,"loc":{"start":{"line":797,"column":33},"end":{"line":797,"column":45}},"locations":[{"start":{"line":797,"column":33},"end":{"line":797,"column":45}}]},"69":{"type":"branch","line":800,"loc":{"start":{"line":800,"column":22},"end":{"line":800,"column":27}},"locations":[{"start":{"line":800,"column":22},"end":{"line":800,"column":27}}]},"70":{"type":"branch","line":804,"loc":{"start":{"line":804,"column":24},"end":{"line":836,"column":14}},"locations":[{"start":{"line":804,"column":24},"end":{"line":836,"column":14}}]},"71":{"type":"branch","line":839,"loc":{"start":{"line":839,"column":8},"end":{"line":839,"column":16}},"locations":[{"start":{"line":839,"column":8},"end":{"line":839,"column":16}}]},"72":{"type":"branch","line":839,"loc":{"start":{"line":839,"column":18},"end":{"line":852,"column":27}},"locations":[{"start":{"line":839,"column":18},"end":{"line":852,"column":27}}]},"73":{"type":"branch","line":854,"loc":{"start":{"line":854,"column":34},"end":{"line":854,"column":42}},"locations":[{"start":{"line":854,"column":34},"end":{"line":854,"column":42}}]},"74":{"type":"branch","line":854,"loc":{"start":{"line":854,"column":43},"end":{"line":855,"column":11}},"locations":[{"start":{"line":854,"column":43},"end":{"line":855,"column":11}}]},"75":{"type":"branch","line":855,"loc":{"start":{"line":855,"column":13},"end":{"line":859,"column":16}},"locations":[{"start":{"line":855,"column":13},"end":{"line":859,"column":16}}]},"76":{"type":"branch","line":932,"loc":{"start":{"line":932,"column":55},"end":{"line":981,"column":36}},"locations":[{"start":{"line":932,"column":55},"end":{"line":981,"column":36}}]},"77":{"type":"branch","line":934,"loc":{"start":{"line":934,"column":21},"end":{"line":934,"column":33}},"locations":[{"start":{"line":934,"column":21},"end":{"line":934,"column":33}}]},"78":{"type":"branch","line":935,"loc":{"start":{"line":935,"column":19},"end":{"line":935,"column":24}},"locations":[{"start":{"line":935,"column":19},"end":{"line":935,"column":24}}]},"79":{"type":"branch","line":937,"loc":{"start":{"line":937,"column":6},"end":{"line":981,"column":35}},"locations":[{"start":{"line":937,"column":6},"end":{"line":981,"column":35}}]},"80":{"type":"branch","line":945,"loc":{"start":{"line":945,"column":2},"end":{"line":959,"column":53}},"locations":[{"start":{"line":945,"column":2},"end":{"line":959,"column":53}}]},"81":{"type":"branch","line":962,"loc":{"start":{"line":962,"column":48},"end":{"line":979,"column":6}},"locations":[{"start":{"line":962,"column":48},"end":{"line":979,"column":6}}]},"82":{"type":"branch","line":936,"loc":{"start":{"line":936,"column":15},"end":{"line":936,"column":43}},"locations":[{"start":{"line":936,"column":15},"end":{"line":936,"column":43}}]},"83":{"type":"branch","line":1391,"loc":{"start":{"line":1391,"column":-1},"end":{"line":1392,"column":3}},"locations":[{"start":{"line":1391,"column":-1},"end":{"line":1392,"column":3}}]}},"b":{"0":[1],"1":[1],"2":[1],"3":[1],"4":[1],"5":[0],"6":[16],"7":[8],"8":[1],"9":[15],"10":[1],"11":[15],"12":[1],"13":[15],"14":[1],"15":[15],"16":[1],"17":[15],"18":[7],"19":[0],"20":[1],"21":[0],"22":[0],"23":[0],"24":[0],"25":[0],"26":[0],"27":[0],"28":[0],"29":[0],"30":[0],"31":[0],"32":[0],"33":[0],"34":[9],"35":[9],"36":[9],"37":[8],"38":[0],"39":[0],"40":[0],"41":[1],"42":[7],"43":[1],"44":[7],"45":[0],"46":[1],"47":[7],"48":[0],"49":[15],"50":[15],"51":[192],"52":[5],"53":[0],"54":[0],"55":[0],"56":[0],"57":[1],"58":[2],"59":[3],"60":[5],"61":[16],"62":[3],"63":[0],"64":[2],"65":[0],"66":[3],"67":[1],"68":[0],"69":[0],"70":[0],"71":[0],"72":[0],"73":[0],"74":[0],"75":[0],"76":[2],"77":[0],"78":[1],"79":[1],"80":[0],"81":[0],"82":[1],"83":[1]},"fnMap":{"0":{"name":"Model","decl":{"start":{"line":88,"column":42},"end":{"line":528,"column":44}},"loc":{"start":{"line":88,"column":42},"end":{"line":528,"column":44}},"line":88},"1":{"name":"Model.shippingAddresses.push","decl":{"start":{"line":145,"column":61},"end":{"line":156,"column":25}},"loc":{"start":{"line":145,"column":61},"end":{"line":156,"column":25}},"line":145},"2":{"name":"Model.shippingAddresses.pull","decl":{"start":{"line":156,"column":69},"end":{"line":160,"column":1}},"loc":{"start":{"line":156,"column":69},"end":{"line":160,"column":1}},"line":156},"3":{"name":"createQueryChain","decl":{"start":{"line":531,"column":16},"end":{"line":645,"column":21}},"loc":{"start":{"line":531,"column":16},"end":{"line":645,"column":21}},"line":531},"4":{"name":"matchesFilter","decl":{"start":{"line":666,"column":48},"end":{"line":722,"column":45}},"loc":{"start":{"line":666,"column":48},"end":{"line":722,"column":45}},"line":666}},"f":{"0":16,"1":0,"2":0,"3":16,"4":0}}
}
